#
# There is insufficient memory for the Java Runtime Environment to continue.
# Native memory allocation (mmap) failed to map 41943040 bytes for Failed to commit area from 0x000000008c800000 to 0x000000008f000000 of length 41943040.
# Possible reasons:
#   The system is out of physical RAM or swap space
#   The process is running with CompressedOops enabled, and the Java Heap may be blocking the growth of the native heap
# Possible solutions:
#   Reduce memory load on the system
#   Increase physical memory or swap space
#   Check if swap backing store is full
#   Decrease Java heap size (-Xmx/-Xms)
#   Decrease number of Java threads
#   Decrease Java thread stack sizes (-Xss)
#   Set larger code cache with -XX:ReservedCodeCacheSize=
#   JVM is running with Unscaled Compressed Oops mode in which the Java heap is
#     placed in the first 4GB address space. The Java Heap base address is the
#     maximum limit for the native heap growth. Please use -XX:HeapBaseMinAddress
#     to set the Java Heap base and to place the Java Heap above 4GB virtual address.
# This output file may be truncated or incomplete.
#
#  Out of Memory Error (src/hotspot/os/windows/os_windows.cpp:3627), pid=21096, tid=8348
#
# JRE version: OpenJDK Runtime Environment (11.0.15) (build 11.0.15+0-b2043.56-9505619)
# Java VM: OpenJDK 64-Bit Server VM (11.0.15+0-b2043.56-9505619, mixed mode, tiered, compressed oops, g1 gc, windows-amd64)
# No core dump will be written. Minidumps are not enabled by default on client versions of Windows
#

---------------  S U M M A R Y ------------

Command Line: --add-opens=java.base/java.util=ALL-UNNAMED --add-opens=java.base/java.lang=ALL-UNNAMED --add-opens=java.base/java.lang.invoke=ALL-UNNAMED --add-opens=java.base/java.util=ALL-UNNAMED --add-opens=java.prefs/java.util.prefs=ALL-UNNAMED --add-opens=java.prefs/java.util.prefs=ALL-UNNAMED --add-opens=java.base/java.nio.charset=ALL-UNNAMED --add-opens=java.base/java.net=ALL-UNNAMED --add-opens=java.base/java.util.concurrent.atomic=ALL-UNNAMED -Xmx2048m -Dfile.encoding=UTF-8 -Duser.country=RU -Duser.language=ru -Duser.variant org.gradle.launcher.daemon.bootstrap.GradleDaemon 7.5

Host: AMD Ryzen 5 3500U with Radeon Vega Mobile Gfx  , 8 cores, 6G,  Windows 11 , 64 bit Build 22621 (10.0.22621.1194)
Time: Thu Mar  9 02:14:36 2023 RTZ 2 (s 11 , 64 bit Build 22621 (10.0.22621.1194) elapsed time: 32.304656 seconds (0d 0h 0m 32s)

---------------  T H R E A D  ---------------

Current thread (0x00000226fad30000):  VMThread "VM Thread" [stack: 0x00000098b2800000,0x00000098b2900000] [id=8348]

Stack: [0x00000098b2800000,0x00000098b2900000]
[error occurred during error reporting (printing stack bounds), id 0xc0000005, EXCEPTION_ACCESS_VIOLATION (0xc0000005) at pc=0x00000226e43b112d]

Native frames: (J=compiled Java code, j=interpreted, Vv=VM code, C=native code)
V  [jvm.dll+0x64135a]
V  [jvm.dll+0x7d39f9]
V  [jvm.dll+0x7d51b9]
V  [jvm.dll+0x7d5805]
V  [jvm.dll+0x7d57bb]
V  [jvm.dll+0x640655]
V  [jvm.dll+0x640d68]
C  [ntdll.dll+0xa3eaf]
C  [ntdll.dll+0x1eae6]
C  [ntdll.dll+0xa2e9e]
C  0x00000226e43b112d

VM_Operation (0x00000098bb5f9300): G1CollectForAllocation, mode: safepoint, requested by thread 0x00000226fdb46000


---------------  P R O C E S S  ---------------

Threads class SMR info:
_java_thread_list=0x0000022680f7a600, length=132, elements={
0x00000226e0895800, 0x00000226fad35800, 0x00000226fad3f800, 0x00000226fad50800,
0x00000226fad54800, 0x00000226fad55000, 0x00000226fad58800, 0x00000226fad62000,
0x00000226fad65000, 0x00000226fb839800, 0x00000226fc627800, 0x00000226fd673800,
0x00000226fd711000, 0x00000226fdc81800, 0x00000226fd195800, 0x00000226fc68a800,
0x00000226fc2e6000, 0x00000226fbdb8800, 0x00000226fbd93800, 0x00000226fbb3c800,
0x00000226fbd4d800, 0x00000226fbd4e000, 0x00000226fbd50800, 0x00000226fbd4b800,
0x00000226fbd4c800, 0x00000226fbd4f000, 0x00000226fbd50000, 0x00000226fbd51800,
0x00000226fbd52000, 0x00000226fe5a4800, 0x00000226fe5a6800, 0x00000226fe5a5800,
0x00000226fe5a2800, 0x00000226fe5a7000, 0x00000226fe5a8000, 0x00000226fe5a9000,
0x00000226fe5a3000, 0x00000226fe5a9800, 0x00000226fe5a4000, 0x00000226fe5ae800,
0x00000226fe5ad800, 0x00000226fe5af800, 0x00000226fe5b0000, 0x00000226fe5aa800,
0x00000226fe5b1000, 0x00000226fe5ac000, 0x00000226fe5ad000, 0x00000226817e3000,
0x00000226817e0800, 0x00000226817e6000, 0x00000226817e1000, 0x00000226817e3800,
0x00000226817e2000, 0x00000226817e5000, 0x00000226817e7800, 0x00000226817e8800,
0x00000226817e9800, 0x00000226817ea000, 0x00000226817e4800, 0x00000226817ec800,
0x00000226817eb000, 0x00000226817eb800, 0x00000226817e7000, 0x00000226817ed800,
0x00000226817ee000, 0x00000226817ef000, 0x0000022680ef2800, 0x0000022680ef6000,
0x0000022680ef1800, 0x0000022680ef4000, 0x0000022680ef3800, 0x0000022680ef5000,
0x0000022680ef0000, 0x0000022680ef6800, 0x0000022680ef1000, 0x0000022680efa800,
0x0000022680efd000, 0x0000022680ef8000, 0x0000022680efc800, 0x0000022680ef7800,
0x0000022680efb800, 0x0000022680efe000, 0x0000022680efe800, 0x0000022680ef9000,
0x0000022680efa000, 0x0000022680e2d800, 0x0000022680e2b800, 0x0000022680e2e000,
0x0000022680e2f000, 0x0000022680e2c800, 0x0000022680e2f800, 0x0000022680e2a000,
0x0000022680e30800, 0x0000022680e2b000, 0x0000022680e36800, 0x0000022680e37000,
0x0000022680e31800, 0x0000022680e32000, 0x0000022680e38000, 0x0000022680e35800,
0x0000022680e34800, 0x0000022680e38800, 0x0000022680e33000, 0x0000022680e34000,
0x00000226819d9000, 0x00000226819dd000, 0x00000226819de000, 0x00000226819da000,
0x00000226819df000, 0x00000226819db000, 0x00000226819dc800, 0x00000226819df800,
0x00000226819db800, 0x00000226819e5800, 0x00000226819e4800, 0x00000226819e2000,
0x00000226819e3800, 0x00000226819e3000, 0x00000226819e6000, 0x00000226819e0800,
0x00000226819e7000, 0x00000226819e1800, 0x00000226819e8000, 0x00000226fdb42800,
0x00000226fdb40000, 0x00000226fdb42000, 0x00000226fdb3f800, 0x00000226fdb43800,
0x00000226fdb44000, 0x00000226fdb3e800, 0x00000226fdb45000, 0x00000226fdb46000
}

Java Threads: ( => current thread )
  0x00000226e0895800 JavaThread "main" [_thread_blocked, id=1992, stack(0x00000098b2200000,0x00000098b2300000)]
  0x00000226fad35800 JavaThread "Reference Handler" daemon [_thread_blocked, id=5832, stack(0x00000098b2900000,0x00000098b2a00000)]
  0x00000226fad3f800 JavaThread "Finalizer" daemon [_thread_blocked, id=12132, stack(0x00000098b2a00000,0x00000098b2b00000)]
  0x00000226fad50800 JavaThread "Signal Dispatcher" daemon [_thread_blocked, id=14392, stack(0x00000098b2b00000,0x00000098b2c00000)]
  0x00000226fad54800 JavaThread "Attach Listener" daemon [_thread_blocked, id=5584, stack(0x00000098b2c00000,0x00000098b2d00000)]
  0x00000226fad55000 JavaThread "Service Thread" daemon [_thread_blocked, id=18224, stack(0x00000098b2d00000,0x00000098b2e00000)]
  0x00000226fad58800 JavaThread "C2 CompilerThread0" daemon [_thread_blocked, id=15268, stack(0x00000098b2e00000,0x00000098b2f00000)]
  0x00000226fad62000 JavaThread "C1 CompilerThread0" daemon [_thread_blocked, id=21512, stack(0x00000098b2f00000,0x00000098b3000000)]
  0x00000226fad65000 JavaThread "Sweeper thread" daemon [_thread_blocked, id=9444, stack(0x00000098b3000000,0x00000098b3100000)]
  0x00000226fb839800 JavaThread "Common-Cleaner" daemon [_thread_blocked, id=22532, stack(0x00000098b3100000,0x00000098b3200000)]
  0x00000226fc627800 JavaThread "Daemon health stats" [_thread_blocked, id=19164, stack(0x00000098b3400000,0x00000098b3500000)]
  0x00000226fd673800 JavaThread "Incoming local TCP Connector on port 61229" [_thread_in_native, id=5656, stack(0x00000098b3500000,0x00000098b3600000)]
  0x00000226fd711000 JavaThread "Daemon periodic checks" [_thread_blocked, id=10484, stack(0x00000098b3600000,0x00000098b3700000)]
  0x00000226fdc81800 JavaThread "Daemon" [_thread_blocked, id=22652, stack(0x00000098b3700000,0x00000098b3800000)]
  0x00000226fd195800 JavaThread "Handler for socket connection from /127.0.0.1:61229 to /127.0.0.1:61230" [_thread_in_native, id=3568, stack(0x00000098b3800000,0x00000098b3900000)]
  0x00000226fc68a800 JavaThread "Cancel handler" [_thread_blocked, id=10292, stack(0x00000098b3900000,0x00000098b3a00000)]
  0x00000226fc2e6000 JavaThread "Daemon worker" [_thread_blocked, id=22236, stack(0x00000098b3a00000,0x00000098b3b00000)]
  0x00000226fbdb8800 JavaThread "Asynchronous log dispatcher for DefaultDaemonConnection: socket connection from /127.0.0.1:61229 to /127.0.0.1:61230" [_thread_blocked, id=17516, stack(0x00000098b3b00000,0x00000098b3c00000)]
  0x00000226fbd93800 JavaThread "Stdin handler" [_thread_blocked, id=22780, stack(0x00000098b3c00000,0x00000098b3d00000)]
  0x00000226fbb3c800 JavaThread "Daemon client event forwarder" [_thread_blocked, id=10468, stack(0x00000098b3d00000,0x00000098b3e00000)]
  0x00000226fbd4d800 JavaThread "Cache worker for journal cache (C:\Users\akopo\.gradle\caches\journal-1)" [_thread_blocked, id=1052, stack(0x00000098b4500000,0x00000098b4600000)]
  0x00000226fbd4e000 JavaThread "File lock request listener" [_thread_in_native, id=20940, stack(0x00000098b4600000,0x00000098b4700000)]
  0x00000226fbd50800 JavaThread "Cache worker for file hash cache (C:\Users\akopo\.gradle\caches\7.5\fileHashes)" [_thread_blocked, id=21784, stack(0x00000098b4800000,0x00000098b4900000)]
  0x00000226fbd4b800 JavaThread "File watcher server" daemon [_thread_in_native, id=4776, stack(0x00000098b4900000,0x00000098b4a00000)]
  0x00000226fbd4c800 JavaThread "File watcher consumer" daemon [_thread_blocked, id=21852, stack(0x00000098b4a00000,0x00000098b4b00000)]
  0x00000226fbd4f000 JavaThread "jar transforms" [_thread_blocked, id=23048, stack(0x00000098b4b00000,0x00000098b4c00000)]
  0x00000226fbd50000 JavaThread "jar transforms Thread 2" [_thread_blocked, id=13444, stack(0x00000098b4c00000,0x00000098b4d00000)]
  0x00000226fbd51800 JavaThread "jar transforms Thread 3" [_thread_blocked, id=19428, stack(0x00000098b4d00000,0x00000098b4e00000)]
  0x00000226fbd52000 JavaThread "jar transforms Thread 4" [_thread_blocked, id=6716, stack(0x00000098b4e00000,0x00000098b4f00000)]
  0x00000226fe5a4800 JavaThread "jar transforms Thread 5" [_thread_blocked, id=20144, stack(0x00000098b4f00000,0x00000098b5000000)]
  0x00000226fe5a6800 JavaThread "jar transforms Thread 6" [_thread_blocked, id=8876, stack(0x00000098b5000000,0x00000098b5100000)]
  0x00000226fe5a5800 JavaThread "jar transforms Thread 7" [_thread_blocked, id=13428, stack(0x00000098b5100000,0x00000098b5200000)]
  0x00000226fe5a2800 JavaThread "jar transforms Thread 8" [_thread_blocked, id=17304, stack(0x00000098b5200000,0x00000098b5300000)]
  0x00000226fe5a7000 JavaThread "Cache worker for checksums cache (D:\Android\AndroidStudioProjects\BIN\.gradle\7.5\checksums)" [_thread_blocked, id=19724, stack(0x00000098b5300000,0x00000098b5400000)]
  0x00000226fe5a8000 JavaThread "Cache worker for cache directory md-rule (C:\Users\akopo\.gradle\caches\7.5\md-rule)" [_thread_blocked, id=9624, stack(0x00000098b5400000,0x00000098b5500000)]
  0x00000226fe5a9000 JavaThread "Cache worker for file content cache (C:\Users\akopo\.gradle\caches\7.5\fileContent)" [_thread_blocked, id=14388, stack(0x00000098b5500000,0x00000098b5600000)]
  0x00000226fe5a3000 JavaThread "Cache worker for file hash cache (D:\Android\AndroidStudioProjects\BIN\.gradle\7.5\fileHashes)" [_thread_blocked, id=22392, stack(0x00000098b5600000,0x00000098b5700000)]
  0x00000226fe5a9800 JavaThread "Cache worker for cache directory md-supplier (C:\Users\akopo\.gradle\caches\7.5\md-supplier)" [_thread_blocked, id=16040, stack(0x00000098b5700000,0x00000098b5800000)]
  0x00000226fe5a4000 JavaThread "Cache worker for execution history cache (C:\Users\akopo\.gradle\caches\7.5\executionHistory)" [_thread_blocked, id=8408, stack(0x00000098b5800000,0x00000098b5900000)]
  0x00000226fe5ae800 JavaThread "Cache worker for dependencies-accessors (D:\Android\AndroidStudioProjects\BIN\.gradle\7.5\dependencies-accessors)" [_thread_blocked, id=11780, stack(0x00000098b5900000,0x00000098b5a00000)]
  0x00000226fe5ad800 JavaThread "Cache worker for Build Output Cleanup Cache (D:\Android\AndroidStudioProjects\BIN\.gradle\buildOutputCleanup)" [_thread_blocked, id=10736, stack(0x00000098b5a00000,0x00000098b5b00000)]
  0x00000226fe5af800 JavaThread "Unconstrained build operations" [_thread_blocked, id=22860, stack(0x00000098b5b00000,0x00000098b5c00000)]
  0x00000226fe5b0000 JavaThread "Unconstrained build operations Thread 2" [_thread_blocked, id=22996, stack(0x00000098b5c00000,0x00000098b5d00000)]
  0x00000226fe5aa800 JavaThread "Unconstrained build operations Thread 3" [_thread_blocked, id=8840, stack(0x00000098b5d00000,0x00000098b5e00000)]
  0x00000226fe5b1000 JavaThread "Unconstrained build operations Thread 4" [_thread_blocked, id=18408, stack(0x00000098b5e00000,0x00000098b5f00000)]
  0x00000226fe5ac000 JavaThread "Unconstrained build operations Thread 5" [_thread_blocked, id=20448, stack(0x00000098b5f00000,0x00000098b6000000)]
  0x00000226fe5ad000 JavaThread "Unconstrained build operations Thread 6" [_thread_blocked, id=22060, stack(0x00000098b6000000,0x00000098b6100000)]
  0x00000226817e3000 JavaThread "Unconstrained build operations Thread 7" [_thread_blocked, id=16856, stack(0x00000098b6100000,0x00000098b6200000)]
  0x00000226817e0800 JavaThread "Unconstrained build operations Thread 8" [_thread_blocked, id=16884, stack(0x00000098b6200000,0x00000098b6300000)]
  0x00000226817e6000 JavaThread "Unconstrained build operations Thread 9" [_thread_blocked, id=7272, stack(0x00000098b6300000,0x00000098b6400000)]
  0x00000226817e1000 JavaThread "Unconstrained build operations Thread 10" [_thread_blocked, id=22636, stack(0x00000098b6400000,0x00000098b6500000)]
  0x00000226817e3800 JavaThread "Unconstrained build operations Thread 11" [_thread_blocked, id=12960, stack(0x00000098b6500000,0x00000098b6600000)]
  0x00000226817e2000 JavaThread "Unconstrained build operations Thread 12" [_thread_blocked, id=18840, stack(0x00000098b6600000,0x00000098b6700000)]
  0x00000226817e5000 JavaThread "Unconstrained build operations Thread 13" [_thread_blocked, id=22612, stack(0x00000098b6700000,0x00000098b6800000)]
  0x00000226817e7800 JavaThread "Unconstrained build operations Thread 14" [_thread_blocked, id=3264, stack(0x00000098b6800000,0x00000098b6900000)]
  0x00000226817e8800 JavaThread "Unconstrained build operations Thread 15" [_thread_blocked, id=11320, stack(0x00000098b6900000,0x00000098b6a00000)]
  0x00000226817e9800 JavaThread "Unconstrained build operations Thread 16" [_thread_blocked, id=17484, stack(0x00000098b6a00000,0x00000098b6b00000)]
  0x00000226817ea000 JavaThread "Unconstrained build operations Thread 17" [_thread_blocked, id=17840, stack(0x00000098b6b00000,0x00000098b6c00000)]
  0x00000226817e4800 JavaThread "Unconstrained build operations Thread 18" [_thread_blocked, id=18892, stack(0x00000098b6c00000,0x00000098b6d00000)]
  0x00000226817ec800 JavaThread "Unconstrained build operations Thread 19" [_thread_blocked, id=19056, stack(0x00000098b6d00000,0x00000098b6e00000)]
  0x00000226817eb000 JavaThread "Unconstrained build operations Thread 20" [_thread_blocked, id=17060, stack(0x00000098b6e00000,0x00000098b6f00000)]
  0x00000226817eb800 JavaThread "Unconstrained build operations Thread 21" [_thread_blocked, id=10904, stack(0x00000098b6f00000,0x00000098b7000000)]
  0x00000226817e7000 JavaThread "Unconstrained build operations Thread 22" [_thread_blocked, id=12588, stack(0x00000098b7000000,0x00000098b7100000)]
  0x00000226817ed800 JavaThread "Unconstrained build operations Thread 23" [_thread_blocked, id=17528, stack(0x00000098b7100000,0x00000098b7200000)]
  0x00000226817ee000 JavaThread "Unconstrained build operations Thread 24" [_thread_blocked, id=8808, stack(0x00000098b7200000,0x00000098b7300000)]
  0x00000226817ef000 JavaThread "Unconstrained build operations Thread 25" [_thread_blocked, id=14732, stack(0x00000098b7300000,0x00000098b7400000)]
  0x0000022680ef2800 JavaThread "Unconstrained build operations Thread 26" [_thread_blocked, id=13192, stack(0x00000098b7400000,0x00000098b7500000)]
  0x0000022680ef6000 JavaThread "Unconstrained build operations Thread 27" [_thread_blocked, id=1736, stack(0x00000098b7500000,0x00000098b7600000)]
  0x0000022680ef1800 JavaThread "Unconstrained build operations Thread 28" [_thread_blocked, id=3884, stack(0x00000098b7600000,0x00000098b7700000)]
  0x0000022680ef4000 JavaThread "Unconstrained build operations Thread 29" [_thread_blocked, id=19868, stack(0x00000098b7700000,0x00000098b7800000)]
  0x0000022680ef3800 JavaThread "Unconstrained build operations Thread 30" [_thread_blocked, id=17336, stack(0x00000098b7800000,0x00000098b7900000)]
  0x0000022680ef5000 JavaThread "Unconstrained build operations Thread 31" [_thread_blocked, id=20628, stack(0x00000098b7900000,0x00000098b7a00000)]
  0x0000022680ef0000 JavaThread "Unconstrained build operations Thread 32" [_thread_blocked, id=14620, stack(0x00000098b7a00000,0x00000098b7b00000)]
  0x0000022680ef6800 JavaThread "Unconstrained build operations Thread 33" [_thread_blocked, id=11884, stack(0x00000098b7b00000,0x00000098b7c00000)]
  0x0000022680ef1000 JavaThread "Unconstrained build operations Thread 34" [_thread_blocked, id=22520, stack(0x00000098b7c00000,0x00000098b7d00000)]
  0x0000022680efa800 JavaThread "Unconstrained build operations Thread 35" [_thread_blocked, id=15480, stack(0x00000098b7d00000,0x00000098b7e00000)]
  0x0000022680efd000 JavaThread "Unconstrained build operations Thread 36" [_thread_blocked, id=19044, stack(0x00000098b7e00000,0x00000098b7f00000)]
  0x0000022680ef8000 JavaThread "Unconstrained build operations Thread 37" [_thread_blocked, id=7076, stack(0x00000098b7f00000,0x00000098b8000000)]
  0x0000022680efc800 JavaThread "Unconstrained build operations Thread 38" [_thread_blocked, id=19580, stack(0x00000098b8000000,0x00000098b8100000)]
  0x0000022680ef7800 JavaThread "Unconstrained build operations Thread 39" [_thread_blocked, id=22984, stack(0x00000098b8100000,0x00000098b8200000)]
  0x0000022680efb800 JavaThread "Unconstrained build operations Thread 40" [_thread_blocked, id=10916, stack(0x00000098b8200000,0x00000098b8300000)]
  0x0000022680efe000 JavaThread "Unconstrained build operations Thread 41" [_thread_blocked, id=16272, stack(0x00000098b8300000,0x00000098b8400000)]
  0x0000022680efe800 JavaThread "Unconstrained build operations Thread 42" [_thread_blocked, id=20572, stack(0x00000098b8400000,0x00000098b8500000)]
  0x0000022680ef9000 JavaThread "Unconstrained build operations Thread 43" [_thread_blocked, id=19304, stack(0x00000098b8500000,0x00000098b8600000)]
  0x0000022680efa000 JavaThread "Unconstrained build operations Thread 44" [_thread_blocked, id=11288, stack(0x00000098b8600000,0x00000098b8700000)]
  0x0000022680e2d800 JavaThread "Unconstrained build operations Thread 45" [_thread_blocked, id=21548, stack(0x00000098b8700000,0x00000098b8800000)]
  0x0000022680e2b800 JavaThread "Unconstrained build operations Thread 46" [_thread_blocked, id=17876, stack(0x00000098b8800000,0x00000098b8900000)]
  0x0000022680e2e000 JavaThread "Unconstrained build operations Thread 47" [_thread_blocked, id=18296, stack(0x00000098b8900000,0x00000098b8a00000)]
  0x0000022680e2f000 JavaThread "Unconstrained build operations Thread 48" [_thread_blocked, id=10864, stack(0x00000098b8a00000,0x00000098b8b00000)]
  0x0000022680e2c800 JavaThread "Unconstrained build operations Thread 49" [_thread_blocked, id=16724, stack(0x00000098b8b00000,0x00000098b8c00000)]
  0x0000022680e2f800 JavaThread "Unconstrained build operations Thread 50" [_thread_blocked, id=22000, stack(0x00000098b8c00000,0x00000098b8d00000)]
  0x0000022680e2a000 JavaThread "Unconstrained build operations Thread 51" [_thread_blocked, id=6628, stack(0x00000098b8d00000,0x00000098b8e00000)]
  0x0000022680e30800 JavaThread "Unconstrained build operations Thread 52" [_thread_blocked, id=9236, stack(0x00000098b8e00000,0x00000098b8f00000)]
  0x0000022680e2b000 JavaThread "Unconstrained build operations Thread 53" [_thread_blocked, id=23424, stack(0x00000098b8f00000,0x00000098b9000000)]
  0x0000022680e36800 JavaThread "Unconstrained build operations Thread 54" [_thread_blocked, id=17512, stack(0x00000098b9000000,0x00000098b9100000)]
  0x0000022680e37000 JavaThread "Unconstrained build operations Thread 55" [_thread_blocked, id=15912, stack(0x00000098b9100000,0x00000098b9200000)]
  0x0000022680e31800 JavaThread "Unconstrained build operations Thread 56" [_thread_blocked, id=1336, stack(0x00000098b9200000,0x00000098b9300000)]
  0x0000022680e32000 JavaThread "Unconstrained build operations Thread 57" [_thread_blocked, id=12940, stack(0x00000098b9300000,0x00000098b9400000)]
  0x0000022680e38000 JavaThread "Unconstrained build operations Thread 58" [_thread_blocked, id=22344, stack(0x00000098b9400000,0x00000098b9500000)]
  0x0000022680e35800 JavaThread "Unconstrained build operations Thread 59" [_thread_blocked, id=17068, stack(0x00000098b9500000,0x00000098b9600000)]
  0x0000022680e34800 JavaThread "Unconstrained build operations Thread 60" [_thread_blocked, id=21340, stack(0x00000098b9600000,0x00000098b9700000)]
  0x0000022680e38800 JavaThread "Unconstrained build operations Thread 61" [_thread_blocked, id=9184, stack(0x00000098b9700000,0x00000098b9800000)]
  0x0000022680e33000 JavaThread "Unconstrained build operations Thread 62" [_thread_blocked, id=13356, stack(0x00000098b9800000,0x00000098b9900000)]
  0x0000022680e34000 JavaThread "Unconstrained build operations Thread 63" [_thread_blocked, id=6312, stack(0x00000098b9900000,0x00000098b9a00000)]
  0x00000226819d9000 JavaThread "Unconstrained build operations Thread 64" [_thread_blocked, id=11180, stack(0x00000098b9a00000,0x00000098b9b00000)]
  0x00000226819dd000 JavaThread "Unconstrained build operations Thread 65" [_thread_blocked, id=22436, stack(0x00000098b9b00000,0x00000098b9c00000)]
  0x00000226819de000 JavaThread "Unconstrained build operations Thread 66" [_thread_blocked, id=4312, stack(0x00000098b9c00000,0x00000098b9d00000)]
  0x00000226819da000 JavaThread "Unconstrained build operations Thread 67" [_thread_blocked, id=6044, stack(0x00000098b9d00000,0x00000098b9e00000)]
  0x00000226819df000 JavaThread "Unconstrained build operations Thread 68" [_thread_blocked, id=22356, stack(0x00000098b9e00000,0x00000098b9f00000)]
  0x00000226819db000 JavaThread "Unconstrained build operations Thread 69" [_thread_blocked, id=15172, stack(0x00000098b9f00000,0x00000098ba000000)]
  0x00000226819dc800 JavaThread "Unconstrained build operations Thread 70" [_thread_blocked, id=6428, stack(0x00000098ba000000,0x00000098ba100000)]
  0x00000226819df800 JavaThread "Unconstrained build operations Thread 71" [_thread_blocked, id=14352, stack(0x00000098ba100000,0x00000098ba200000)]
  0x00000226819db800 JavaThread "Unconstrained build operations Thread 72" [_thread_blocked, id=2696, stack(0x00000098ba200000,0x00000098ba300000)]
  0x00000226819e5800 JavaThread "Unconstrained build operations Thread 73" [_thread_blocked, id=9860, stack(0x00000098ba300000,0x00000098ba400000)]
  0x00000226819e4800 JavaThread "Unconstrained build operations Thread 74" [_thread_blocked, id=1816, stack(0x00000098ba400000,0x00000098ba500000)]
  0x00000226819e2000 JavaThread "Unconstrained build operations Thread 75" [_thread_blocked, id=11504, stack(0x00000098ba500000,0x00000098ba600000)]
  0x00000226819e3800 JavaThread "Unconstrained build operations Thread 76" [_thread_blocked, id=4720, stack(0x00000098ba600000,0x00000098ba700000)]
  0x00000226819e3000 JavaThread "Unconstrained build operations Thread 77" [_thread_blocked, id=14524, stack(0x00000098ba700000,0x00000098ba800000)]
  0x00000226819e6000 JavaThread "Unconstrained build operations Thread 78" [_thread_blocked, id=21568, stack(0x00000098ba800000,0x00000098ba900000)]
  0x00000226819e0800 JavaThread "Unconstrained build operations Thread 79" [_thread_blocked, id=8172, stack(0x00000098ba900000,0x00000098baa00000)]
  0x00000226819e7000 JavaThread "Unconstrained build operations Thread 80" [_thread_blocked, id=22416, stack(0x00000098baa00000,0x00000098bab00000)]
  0x00000226819e1800 JavaThread "Memory manager" [_thread_blocked, id=21120, stack(0x00000098bab00000,0x00000098bac00000)]
  0x00000226819e8000 JavaThread "included builds" [_thread_blocked, id=16028, stack(0x00000098bac00000,0x00000098bad00000)]
  0x00000226fdb42800 JavaThread "Execution worker" [_thread_blocked, id=10428, stack(0x00000098bad00000,0x00000098bae00000)]
  0x00000226fdb40000 JavaThread "Execution worker Thread 2" [_thread_blocked, id=14492, stack(0x00000098bae00000,0x00000098baf00000)]
  0x00000226fdb42000 JavaThread "Execution worker Thread 3" [_thread_blocked, id=15036, stack(0x00000098baf00000,0x00000098bb000000)]
  0x00000226fdb3f800 JavaThread "Execution worker Thread 4" [_thread_blocked, id=22924, stack(0x00000098bb000000,0x00000098bb100000)]
  0x00000226fdb43800 JavaThread "Execution worker Thread 5" [_thread_blocked, id=22944, stack(0x00000098bb100000,0x00000098bb200000)]
  0x00000226fdb44000 JavaThread "Execution worker Thread 6" [_thread_blocked, id=9740, stack(0x00000098bb200000,0x00000098bb300000)]
  0x00000226fdb3e800 JavaThread "Execution worker Thread 7" [_thread_blocked, id=8440, stack(0x00000098bb300000,0x00000098bb400000)]
  0x00000226fdb45000 JavaThread "Cache worker for execution history cache (D:\Android\AndroidStudioProjects\BIN\.gradle\7.5\executionHistory)" [_thread_blocked, id=17712, stack(0x00000098bb400000,0x00000098bb500000)]
  0x00000226fdb46000 JavaThread "idea-tooling-model-converter" [_thread_blocked, id=11168, stack(0x00000098bb500000,0x00000098bb600000)]

Other Threads:
=>0x00000226fad30000 VMThread "VM Thread" [stack: 0x00000098b2800000,0x00000098b2900000] [id=8348]
  0x00000226fb840800 WatcherThread [stack: 0x00000098b3200000,0x00000098b3300000] [id=14120]
  0x00000226e08aa000 GCTaskThread "GC Thread#0" [stack: 0x00000098b2300000,0x00000098b2400000] [id=7340]
  0x00000226fc06a800 GCTaskThread "GC Thread#1" [stack: 0x00000098b3300000,0x00000098b3400000] [id=12360]
  0x00000226fbb35800 GCTaskThread "GC Thread#2" [stack: 0x00000098b3e00000,0x00000098b3f00000] [id=3140]
  0x00000226fbb36000 GCTaskThread "GC Thread#3" [stack: 0x00000098b3f00000,0x00000098b4000000] [id=23020]
  0x00000226fbb37000 GCTaskThread "GC Thread#4" [stack: 0x00000098b4000000,0x00000098b4100000] [id=7016]
  0x00000226fc975800 GCTaskThread "GC Thread#5" [stack: 0x00000098b4100000,0x00000098b4200000] [id=18924]
  0x00000226fc976000 GCTaskThread "GC Thread#6" [stack: 0x00000098b4200000,0x00000098b4300000] [id=20508]
  0x00000226fbd67800 GCTaskThread "GC Thread#7" [stack: 0x00000098b4300000,0x00000098b4400000] [id=12500]
  0x00000226e08db800 ConcurrentGCThread "G1 Main Marker" [stack: 0x00000098b2400000,0x00000098b2500000] [id=15000]
  0x00000226e08de000 ConcurrentGCThread "G1 Conc#0" [stack: 0x00000098b2500000,0x00000098b2600000] [id=12752]
  0x00000226fc91d000 ConcurrentGCThread "G1 Conc#1" [stack: 0x00000098b4700000,0x00000098b4800000] [id=3684]
  0x00000226e095d800 ConcurrentGCThread "G1 Refine#0" [stack: 0x00000098b2600000,0x00000098b2700000] [id=15664]
  0x00000226fdd03800 ConcurrentGCThread "G1 Refine#1" [stack: 0x00000098b4400000,0x00000098b4500000] [id=19584]
  0x00000226fab82800 ConcurrentGCThread "G1 Young RemSet Sampling" [stack: 0x00000098b2700000,0x00000098b2800000] [id=4652]

Threads with active compile tasks:
C2 CompilerThread0    32365 9376 %     4       groovy.lang.MetaClassImpl::inheritInterfaceNewMetaMethods @ 100 (195 bytes)

VM state:at safepoint (normal execution)

VM Mutex/Monitor currently owned by a thread:  ([mutex/lock_event])
[0x00000226e0891280] Threads_lock - owner thread: 0x00000226fad30000
[0x00000226e0892a20] Heap_lock - owner thread: 0x00000226fdb46000

Heap address: 0x0000000080000000, size: 2048 MB, Compressed Oops mode: 32-bit
Narrow klass base: 0x0000000000000000, Narrow klass shift: 3
Compressed class space size: 1073741824 Address: 0x0000000100000000

Heap:
 garbage-first heap   total 245760K, used 173104K [0x0000000080000000, 0x0000000100000000)
  region size 1024K, 1 young (1024K), 1 survivors (1024K)
 Metaspace       used 90436K, capacity 92936K, committed 93136K, reserved 1130496K
  class space    used 11887K, capacity 12813K, committed 12928K, reserved 1048576K
Heap Regions: E=young(eden), S=young(survivor), O=old, HS=humongous(starts), HC=humongous(continues), CS=collection set, F=free, A=archive, TAMS=top-at-mark-start (previous, next)
|   0|0x0000000080000000, 0x0000000080100000, 0x0000000080100000|100%| O|  |TAMS 0x0000000080100000, 0x0000000080100000| Untracked 
|   1|0x0000000080100000, 0x0000000080200000, 0x0000000080200000|100%| O|  |TAMS 0x0000000080200000, 0x0000000080200000| Untracked 
|   2|0x0000000080200000, 0x0000000080300000, 0x0000000080300000|100%| O|  |TAMS 0x0000000080300000, 0x0000000080300000| Untracked 
|   3|0x0000000080300000, 0x0000000080400000, 0x0000000080400000|100%|HS|  |TAMS 0x0000000080400000, 0x0000000080400000| Complete 
|   4|0x0000000080400000, 0x0000000080500000, 0x0000000080500000|100%|HC|  |TAMS 0x0000000080500000, 0x0000000080500000| Complete 
|   5|0x0000000080500000, 0x0000000080600000, 0x0000000080600000|100%|HC|  |TAMS 0x0000000080600000, 0x0000000080600000| Complete 
|   6|0x0000000080600000, 0x0000000080700000, 0x0000000080700000|100%| O|  |TAMS 0x0000000080700000, 0x0000000080700000| Untracked 
|   7|0x0000000080700000, 0x0000000080800000, 0x0000000080800000|100%| O|  |TAMS 0x0000000080800000, 0x0000000080800000| Untracked 
|   8|0x0000000080800000, 0x0000000080900000, 0x0000000080900000|100%| O|  |TAMS 0x0000000080900000, 0x0000000080900000| Untracked 
|   9|0x0000000080900000, 0x0000000080a00000, 0x0000000080a00000|100%| O|  |TAMS 0x0000000080a00000, 0x0000000080a00000| Untracked 
|  10|0x0000000080a00000, 0x0000000080b00000, 0x0000000080b00000|100%| O|  |TAMS 0x0000000080b00000, 0x0000000080b00000| Untracked 
|  11|0x0000000080b00000, 0x0000000080c00000, 0x0000000080c00000|100%| O|  |TAMS 0x0000000080c00000, 0x0000000080c00000| Untracked 
|  12|0x0000000080c00000, 0x0000000080d00000, 0x0000000080d00000|100%| O|  |TAMS 0x0000000080d00000, 0x0000000080d00000| Untracked 
|  13|0x0000000080d00000, 0x0000000080e00000, 0x0000000080e00000|100%| O|  |TAMS 0x0000000080e00000, 0x0000000080e00000| Untracked 
|  14|0x0000000080e00000, 0x0000000080f00000, 0x0000000080f00000|100%| O|  |TAMS 0x0000000080f00000, 0x0000000080f00000| Untracked 
|  15|0x0000000080f00000, 0x0000000081000000, 0x0000000081000000|100%| O|  |TAMS 0x0000000081000000, 0x0000000081000000| Untracked 
|  16|0x0000000081000000, 0x0000000081100000, 0x0000000081100000|100%|HS|  |TAMS 0x0000000081100000, 0x0000000081100000| Complete 
|  17|0x0000000081100000, 0x0000000081200000, 0x0000000081200000|100%|HC|  |TAMS 0x0000000081200000, 0x0000000081200000| Complete 
|  18|0x0000000081200000, 0x0000000081300000, 0x0000000081300000|100%|HS|  |TAMS 0x0000000081300000, 0x0000000081300000| Complete 
|  19|0x0000000081300000, 0x0000000081400000, 0x0000000081400000|100%|HC|  |TAMS 0x0000000081400000, 0x0000000081400000| Complete 
|  20|0x0000000081400000, 0x0000000081500000, 0x0000000081500000|100%|HC|  |TAMS 0x0000000081500000, 0x0000000081500000| Complete 
|  21|0x0000000081500000, 0x0000000081600000, 0x0000000081600000|100%|HS|  |TAMS 0x0000000081600000, 0x0000000081600000| Complete 
|  22|0x0000000081600000, 0x0000000081700000, 0x0000000081700000|100%|HC|  |TAMS 0x0000000081700000, 0x0000000081700000| Complete 
|  23|0x0000000081700000, 0x0000000081800000, 0x0000000081800000|100%|HC|  |TAMS 0x0000000081800000, 0x0000000081800000| Complete 
|  24|0x0000000081800000, 0x0000000081900000, 0x0000000081900000|100%|HS|  |TAMS 0x0000000081900000, 0x0000000081900000| Complete 
|  25|0x0000000081900000, 0x0000000081a00000, 0x0000000081a00000|100%|HC|  |TAMS 0x0000000081a00000, 0x0000000081a00000| Complete 
|  26|0x0000000081a00000, 0x0000000081b00000, 0x0000000081b00000|100%|HC|  |TAMS 0x0000000081b00000, 0x0000000081b00000| Complete 
|  27|0x0000000081b00000, 0x0000000081c00000, 0x0000000081c00000|100%|HC|  |TAMS 0x0000000081c00000, 0x0000000081c00000| Complete 
|  28|0x0000000081c00000, 0x0000000081d00000, 0x0000000081d00000|100%|HC|  |TAMS 0x0000000081d00000, 0x0000000081d00000| Complete 
|  29|0x0000000081d00000, 0x0000000081e00000, 0x0000000081e00000|100%|HS|  |TAMS 0x0000000081e00000, 0x0000000081e00000| Complete 
|  30|0x0000000081e00000, 0x0000000081f00000, 0x0000000081f00000|100%|HC|  |TAMS 0x0000000081f00000, 0x0000000081f00000| Complete 
|  31|0x0000000081f00000, 0x0000000082000000, 0x0000000082000000|100%|HS|  |TAMS 0x0000000082000000, 0x0000000082000000| Complete 
|  32|0x0000000082000000, 0x0000000082100000, 0x0000000082100000|100%|HC|  |TAMS 0x0000000082100000, 0x0000000082100000| Complete 
|  33|0x0000000082100000, 0x0000000082200000, 0x0000000082200000|100%|HC|  |TAMS 0x0000000082200000, 0x0000000082200000| Complete 
|  34|0x0000000082200000, 0x0000000082300000, 0x0000000082300000|100%|HC|  |TAMS 0x0000000082300000, 0x0000000082300000| Complete 
|  35|0x0000000082300000, 0x0000000082400000, 0x0000000082400000|100%|HC|  |TAMS 0x0000000082400000, 0x0000000082400000| Complete 
|  36|0x0000000082400000, 0x0000000082500000, 0x0000000082500000|100%|HC|  |TAMS 0x0000000082500000, 0x0000000082500000| Complete 
|  37|0x0000000082500000, 0x0000000082600000, 0x0000000082600000|100%|HC|  |TAMS 0x0000000082600000, 0x0000000082600000| Complete 
|  38|0x0000000082600000, 0x0000000082700000, 0x0000000082700000|100%|HC|  |TAMS 0x0000000082700000, 0x0000000082700000| Complete 
|  39|0x0000000082700000, 0x0000000082800000, 0x0000000082800000|100%|HC|  |TAMS 0x0000000082800000, 0x0000000082800000| Complete 
|  40|0x0000000082800000, 0x0000000082900000, 0x0000000082900000|100%|HC|  |TAMS 0x0000000082900000, 0x0000000082900000| Complete 
|  41|0x0000000082900000, 0x0000000082a00000, 0x0000000082a00000|100%|HS|  |TAMS 0x0000000082a00000, 0x0000000082a00000| Complete 
|  42|0x0000000082a00000, 0x0000000082b00000, 0x0000000082b00000|100%|HC|  |TAMS 0x0000000082b00000, 0x0000000082b00000| Complete 
|  43|0x0000000082b00000, 0x0000000082c00000, 0x0000000082c00000|100%| O|  |TAMS 0x0000000082c00000, 0x0000000082c00000| Untracked 
|  44|0x0000000082c00000, 0x0000000082d00000, 0x0000000082d00000|100%| O|  |TAMS 0x0000000082d00000, 0x0000000082d00000| Untracked 
|  45|0x0000000082d00000, 0x0000000082e00000, 0x0000000082e00000|100%| O|  |TAMS 0x0000000082e00000, 0x0000000082e00000| Untracked 
|  46|0x0000000082e00000, 0x0000000082f00000, 0x0000000082f00000|100%| O|  |TAMS 0x0000000082f00000, 0x0000000082f00000| Untracked 
|  47|0x0000000082f00000, 0x0000000083000000, 0x0000000083000000|100%| O|  |TAMS 0x0000000083000000, 0x0000000083000000| Untracked 
|  48|0x0000000083000000, 0x0000000083100000, 0x0000000083100000|100%| O|  |TAMS 0x0000000083100000, 0x0000000083100000| Untracked 
|  49|0x0000000083100000, 0x0000000083200000, 0x0000000083200000|100%| O|  |TAMS 0x0000000083200000, 0x0000000083200000| Untracked 
|  50|0x0000000083200000, 0x0000000083300000, 0x0000000083300000|100%| O|  |TAMS 0x0000000083300000, 0x0000000083300000| Untracked 
|  51|0x0000000083300000, 0x0000000083400000, 0x0000000083400000|100%| O|  |TAMS 0x0000000083400000, 0x0000000083400000| Untracked 
|  52|0x0000000083400000, 0x0000000083500000, 0x0000000083500000|100%| O|  |TAMS 0x0000000083500000, 0x0000000083500000| Untracked 
|  53|0x0000000083500000, 0x0000000083600000, 0x0000000083600000|100%| O|  |TAMS 0x0000000083600000, 0x0000000083600000| Untracked 
|  54|0x0000000083600000, 0x0000000083700000, 0x0000000083700000|100%| O|  |TAMS 0x0000000083700000, 0x0000000083700000| Untracked 
|  55|0x0000000083700000, 0x0000000083800000, 0x0000000083800000|100%| O|  |TAMS 0x0000000083800000, 0x0000000083800000| Untracked 
|  56|0x0000000083800000, 0x0000000083900000, 0x0000000083900000|100%| O|  |TAMS 0x0000000083900000, 0x0000000083900000| Untracked 
|  57|0x0000000083900000, 0x0000000083a00000, 0x0000000083a00000|100%| O|  |TAMS 0x0000000083a00000, 0x0000000083a00000| Untracked 
|  58|0x0000000083a00000, 0x0000000083b00000, 0x0000000083b00000|100%| O|  |TAMS 0x0000000083b00000, 0x0000000083b00000| Untracked 
|  59|0x0000000083b00000, 0x0000000083c00000, 0x0000000083c00000|100%|HS|  |TAMS 0x0000000083c00000, 0x0000000083c00000| Complete 
|  60|0x0000000083c00000, 0x0000000083d00000, 0x0000000083d00000|100%|HC|  |TAMS 0x0000000083d00000, 0x0000000083d00000| Complete 
|  61|0x0000000083d00000, 0x0000000083e00000, 0x0000000083e00000|100%|HC|  |TAMS 0x0000000083e00000, 0x0000000083e00000| Complete 
|  62|0x0000000083e00000, 0x0000000083f00000, 0x0000000083f00000|100%|HS|  |TAMS 0x0000000083f00000, 0x0000000083f00000| Complete 
|  63|0x0000000083f00000, 0x0000000084000000, 0x0000000084000000|100%|HC|  |TAMS 0x0000000084000000, 0x0000000084000000| Complete 
|  64|0x0000000084000000, 0x0000000084100000, 0x0000000084100000|100%|HC|  |TAMS 0x0000000084100000, 0x0000000084100000| Complete 
|  65|0x0000000084100000, 0x0000000084200000, 0x0000000084200000|100%|HS|  |TAMS 0x0000000084200000, 0x0000000084200000| Complete 
|  66|0x0000000084200000, 0x0000000084300000, 0x0000000084300000|100%|HC|  |TAMS 0x0000000084300000, 0x0000000084300000| Complete 
|  67|0x0000000084300000, 0x0000000084400000, 0x0000000084400000|100%|HC|  |TAMS 0x0000000084400000, 0x0000000084400000| Complete 
|  68|0x0000000084400000, 0x0000000084500000, 0x0000000084500000|100%|HC|  |TAMS 0x0000000084500000, 0x0000000084500000| Complete 
|  69|0x0000000084500000, 0x0000000084600000, 0x0000000084600000|100%|HC|  |TAMS 0x0000000084600000, 0x0000000084600000| Complete 
|  70|0x0000000084600000, 0x0000000084700000, 0x0000000084700000|100%|HC|  |TAMS 0x0000000084700000, 0x0000000084700000| Complete 
|  71|0x0000000084700000, 0x0000000084800000, 0x0000000084800000|100%|HC|  |TAMS 0x0000000084800000, 0x0000000084800000| Complete 
|  72|0x0000000084800000, 0x0000000084900000, 0x0000000084900000|100%|HC|  |TAMS 0x0000000084900000, 0x0000000084900000| Complete 
|  73|0x0000000084900000, 0x0000000084a00000, 0x0000000084a00000|100%|HC|  |TAMS 0x0000000084a00000, 0x0000000084a00000| Complete 
|  74|0x0000000084a00000, 0x0000000084b00000, 0x0000000084b00000|100%|HC|  |TAMS 0x0000000084b00000, 0x0000000084b00000| Complete 
|  75|0x0000000084b00000, 0x0000000084c00000, 0x0000000084c00000|100%| O|  |TAMS 0x0000000084c00000, 0x0000000084c00000| Untracked 
|  76|0x0000000084c00000, 0x0000000084d00000, 0x0000000084d00000|100%|HS|  |TAMS 0x0000000084d00000, 0x0000000084d00000| Complete 
|  77|0x0000000084d00000, 0x0000000084e00000, 0x0000000084e00000|100%|HC|  |TAMS 0x0000000084e00000, 0x0000000084e00000| Complete 
|  78|0x0000000084e00000, 0x0000000084f00000, 0x0000000084f00000|100%|HS|  |TAMS 0x0000000084f00000, 0x0000000084f00000| Complete 
|  79|0x0000000084f00000, 0x0000000085000000, 0x0000000085000000|100%|HC|  |TAMS 0x0000000085000000, 0x0000000085000000| Complete 
|  80|0x0000000085000000, 0x0000000085100000, 0x0000000085100000|100%| O|  |TAMS 0x0000000085100000, 0x0000000085100000| Untracked 
|  81|0x0000000085100000, 0x0000000085200000, 0x0000000085200000|100%| O|  |TAMS 0x0000000085200000, 0x0000000085200000| Untracked 
|  82|0x0000000085200000, 0x0000000085300000, 0x0000000085300000|100%| O|  |TAMS 0x0000000085300000, 0x0000000085300000| Untracked 
|  83|0x0000000085300000, 0x0000000085400000, 0x0000000085400000|100%| O|  |TAMS 0x0000000085400000, 0x0000000085400000| Untracked 
|  84|0x0000000085400000, 0x0000000085500000, 0x0000000085500000|100%| O|  |TAMS 0x0000000085500000, 0x0000000085500000| Untracked 
|  85|0x0000000085500000, 0x0000000085600000, 0x0000000085600000|100%| O|  |TAMS 0x0000000085600000, 0x0000000085600000| Untracked 
|  86|0x0000000085600000, 0x0000000085700000, 0x0000000085700000|100%|HS|  |TAMS 0x0000000085700000, 0x0000000085700000| Complete 
|  87|0x0000000085700000, 0x0000000085800000, 0x0000000085800000|100%|HC|  |TAMS 0x0000000085800000, 0x0000000085800000| Complete 
|  88|0x0000000085800000, 0x0000000085900000, 0x0000000085900000|100%|HC|  |TAMS 0x0000000085900000, 0x0000000085900000| Complete 
|  89|0x0000000085900000, 0x0000000085a00000, 0x0000000085a00000|100%|HC|  |TAMS 0x0000000085a00000, 0x0000000085a00000| Complete 
|  90|0x0000000085a00000, 0x0000000085b00000, 0x0000000085b00000|100%|HC|  |TAMS 0x0000000085b00000, 0x0000000085b00000| Complete 
|  91|0x0000000085b00000, 0x0000000085c00000, 0x0000000085c00000|100%| O|  |TAMS 0x0000000085c00000, 0x0000000085c00000| Untracked 
|  92|0x0000000085c00000, 0x0000000085d00000, 0x0000000085d00000|100%| O|  |TAMS 0x0000000085d00000, 0x0000000085d00000| Untracked 
|  93|0x0000000085d00000, 0x0000000085e00000, 0x0000000085e00000|100%| O|  |TAMS 0x0000000085e00000, 0x0000000085e00000| Untracked 
|  94|0x0000000085e00000, 0x0000000085f00000, 0x0000000085f00000|100%| O|  |TAMS 0x0000000085f00000, 0x0000000085f00000| Untracked 
|  95|0x0000000085f00000, 0x0000000086000000, 0x0000000086000000|100%| O|  |TAMS 0x0000000086000000, 0x0000000086000000| Untracked 
|  96|0x0000000086000000, 0x0000000086100000, 0x0000000086100000|100%|HS|  |TAMS 0x0000000086100000, 0x0000000086100000| Complete 
|  97|0x0000000086100000, 0x0000000086200000, 0x0000000086200000|100%|HS|  |TAMS 0x0000000086200000, 0x0000000086200000| Complete 
|  98|0x0000000086200000, 0x0000000086300000, 0x0000000086300000|100%|HC|  |TAMS 0x0000000086300000, 0x0000000086300000| Complete 
|  99|0x0000000086300000, 0x0000000086400000, 0x0000000086400000|100%|HS|  |TAMS 0x0000000086400000, 0x0000000086400000| Complete 
| 100|0x0000000086400000, 0x0000000086500000, 0x0000000086500000|100%| O|  |TAMS 0x0000000086500000, 0x0000000086500000| Untracked 
| 101|0x0000000086500000, 0x0000000086600000, 0x0000000086600000|100%| O|  |TAMS 0x0000000086600000, 0x0000000086600000| Untracked 
| 102|0x0000000086600000, 0x0000000086700000, 0x0000000086700000|100%|HS|  |TAMS 0x0000000086700000, 0x0000000086700000| Complete 
| 103|0x0000000086700000, 0x0000000086800000, 0x0000000086800000|100%|HC|  |TAMS 0x0000000086800000, 0x0000000086800000| Complete 
| 104|0x0000000086800000, 0x0000000086900000, 0x0000000086900000|100%|HC|  |TAMS 0x0000000086900000, 0x0000000086900000| Complete 
| 105|0x0000000086900000, 0x0000000086a00000, 0x0000000086a00000|100%|HC|  |TAMS 0x0000000086a00000, 0x0000000086a00000| Complete 
| 106|0x0000000086a00000, 0x0000000086b00000, 0x0000000086b00000|100%| O|  |TAMS 0x0000000086b00000, 0x0000000086b00000| Untracked 
| 107|0x0000000086b00000, 0x0000000086c00000, 0x0000000086c00000|100%| O|  |TAMS 0x0000000086c00000, 0x0000000086c00000| Untracked 
| 108|0x0000000086c00000, 0x0000000086d00000, 0x0000000086d00000|100%| O|  |TAMS 0x0000000086d00000, 0x0000000086d00000| Untracked 
| 109|0x0000000086d00000, 0x0000000086e00000, 0x0000000086e00000|100%| O|  |TAMS 0x0000000086e00000, 0x0000000086e00000| Untracked 
| 110|0x0000000086e00000, 0x0000000086f00000, 0x0000000086f00000|100%| O|  |TAMS 0x0000000086f00000, 0x0000000086f00000| Untracked 
| 111|0x0000000086f00000, 0x0000000087000000, 0x0000000087000000|100%| O|  |TAMS 0x0000000087000000, 0x0000000087000000| Untracked 
| 112|0x0000000087000000, 0x0000000087100000, 0x0000000087100000|100%| O|  |TAMS 0x0000000087100000, 0x0000000087100000| Untracked 
| 113|0x0000000087100000, 0x0000000087200000, 0x0000000087200000|100%| O|  |TAMS 0x0000000087200000, 0x0000000087200000| Untracked 
| 114|0x0000000087200000, 0x0000000087300000, 0x0000000087300000|100%| O|  |TAMS 0x0000000087300000, 0x0000000087300000| Untracked 
| 115|0x0000000087300000, 0x0000000087400000, 0x0000000087400000|100%| O|  |TAMS 0x0000000087400000, 0x0000000087400000| Untracked 
| 116|0x0000000087400000, 0x0000000087500000, 0x0000000087500000|100%| O|  |TAMS 0x0000000087500000, 0x0000000087500000| Untracked 
| 117|0x0000000087500000, 0x0000000087600000, 0x0000000087600000|100%| O|  |TAMS 0x0000000087600000, 0x0000000087600000| Untracked 
| 118|0x0000000087600000, 0x0000000087700000, 0x0000000087700000|100%| O|  |TAMS 0x0000000087700000, 0x0000000087700000| Untracked 
| 119|0x0000000087700000, 0x0000000087800000, 0x0000000087800000|100%| O|  |TAMS 0x0000000087800000, 0x0000000087800000| Untracked 
| 120|0x0000000087800000, 0x0000000087900000, 0x0000000087900000|100%| O|  |TAMS 0x0000000087900000, 0x0000000087900000| Untracked 
| 121|0x0000000087900000, 0x0000000087a00000, 0x0000000087a00000|100%| O|  |TAMS 0x0000000087a00000, 0x0000000087a00000| Untracked 
| 122|0x0000000087a00000, 0x0000000087b00000, 0x0000000087b00000|100%| O|  |TAMS 0x0000000087b00000, 0x0000000087b00000| Untracked 
| 123|0x0000000087b00000, 0x0000000087c00000, 0x0000000087c00000|100%| O|  |TAMS 0x0000000087c00000, 0x0000000087c00000| Untracked 
| 124|0x0000000087c00000, 0x0000000087d00000, 0x0000000087d00000|100%| O|  |TAMS 0x0000000087d00000, 0x0000000087d00000| Untracked 
| 125|0x0000000087d00000, 0x0000000087e00000, 0x0000000087e00000|100%| O|  |TAMS 0x0000000087e00000, 0x0000000087e00000| Untracked 
| 126|0x0000000087e00000, 0x0000000087f00000, 0x0000000087f00000|100%| O|  |TAMS 0x0000000087f00000, 0x0000000087f00000| Untracked 
| 127|0x0000000087f00000, 0x0000000088000000, 0x0000000088000000|100%| O|  |TAMS 0x0000000088000000, 0x0000000088000000| Untracked 
| 128|0x0000000088000000, 0x0000000088100000, 0x0000000088100000|100%| O|  |TAMS 0x0000000088100000, 0x0000000088100000| Untracked 
| 129|0x0000000088100000, 0x0000000088200000, 0x0000000088200000|100%| O|  |TAMS 0x0000000088200000, 0x0000000088200000| Untracked 
| 130|0x0000000088200000, 0x0000000088300000, 0x0000000088300000|100%|HS|  |TAMS 0x0000000088300000, 0x0000000088300000| Complete 
| 131|0x0000000088300000, 0x0000000088400000, 0x0000000088400000|100%|HC|  |TAMS 0x0000000088400000, 0x0000000088400000| Complete 
| 132|0x0000000088400000, 0x0000000088500000, 0x0000000088500000|100%|HS|  |TAMS 0x0000000088500000, 0x0000000088500000| Complete 
| 133|0x0000000088500000, 0x0000000088600000, 0x0000000088600000|100%|HC|  |TAMS 0x0000000088600000, 0x0000000088600000| Complete 
| 134|0x0000000088600000, 0x0000000088700000, 0x0000000088700000|100%|HC|  |TAMS 0x0000000088700000, 0x0000000088700000| Complete 
| 135|0x0000000088700000, 0x0000000088800000, 0x0000000088800000|100%|HS|  |TAMS 0x0000000088800000, 0x0000000088800000| Complete 
| 136|0x0000000088800000, 0x0000000088900000, 0x0000000088900000|100%|HC|  |TAMS 0x0000000088900000, 0x0000000088900000| Complete 
| 137|0x0000000088900000, 0x0000000088a00000, 0x0000000088a00000|100%|HC|  |TAMS 0x0000000088a00000, 0x0000000088a00000| Complete 
| 138|0x0000000088a00000, 0x0000000088b00000, 0x0000000088b00000|100%|HS|  |TAMS 0x0000000088b00000, 0x0000000088b00000| Complete 
| 139|0x0000000088b00000, 0x0000000088c00000, 0x0000000088c00000|100%|HC|  |TAMS 0x0000000088c00000, 0x0000000088c00000| Complete 
| 140|0x0000000088c00000, 0x0000000088d00000, 0x0000000088d00000|100%|HC|  |TAMS 0x0000000088d00000, 0x0000000088d00000| Complete 
| 141|0x0000000088d00000, 0x0000000088e00000, 0x0000000088e00000|100%|HC|  |TAMS 0x0000000088e00000, 0x0000000088e00000| Complete 
| 142|0x0000000088e00000, 0x0000000088f00000, 0x0000000088f00000|100%|HC|  |TAMS 0x0000000088f00000, 0x0000000088f00000| Complete 
| 143|0x0000000088f00000, 0x0000000089000000, 0x0000000089000000|100%| O|  |TAMS 0x0000000089000000, 0x0000000089000000| Untracked 
| 144|0x0000000089000000, 0x0000000089100000, 0x0000000089100000|100%| O|  |TAMS 0x0000000089100000, 0x0000000089100000| Untracked 
| 145|0x0000000089100000, 0x0000000089200000, 0x0000000089200000|100%|HS|  |TAMS 0x0000000089200000, 0x0000000089200000| Complete 
| 146|0x0000000089200000, 0x0000000089300000, 0x0000000089300000|100%|HC|  |TAMS 0x0000000089300000, 0x0000000089300000| Complete 
| 147|0x0000000089300000, 0x0000000089400000, 0x0000000089400000|100%|HS|  |TAMS 0x0000000089400000, 0x0000000089400000| Complete 
| 148|0x0000000089400000, 0x0000000089500000, 0x0000000089500000|100%|HC|  |TAMS 0x0000000089500000, 0x0000000089500000| Complete 
| 149|0x0000000089500000, 0x0000000089600000, 0x0000000089600000|100%|HC|  |TAMS 0x0000000089600000, 0x0000000089600000| Complete 
| 150|0x0000000089600000, 0x0000000089700000, 0x0000000089700000|100%|HC|  |TAMS 0x0000000089700000, 0x0000000089700000| Complete 
| 151|0x0000000089700000, 0x0000000089800000, 0x0000000089800000|100%|HC|  |TAMS 0x0000000089800000, 0x0000000089800000| Complete 
| 152|0x0000000089800000, 0x0000000089900000, 0x0000000089900000|100%|HC|  |TAMS 0x0000000089900000, 0x0000000089900000| Complete 
| 153|0x0000000089900000, 0x0000000089a00000, 0x0000000089a00000|100%|HC|  |TAMS 0x0000000089a00000, 0x0000000089a00000| Complete 
| 154|0x0000000089a00000, 0x0000000089b00000, 0x0000000089b00000|100%|HC|  |TAMS 0x0000000089b00000, 0x0000000089b00000| Complete 
| 155|0x0000000089b00000, 0x0000000089c00000, 0x0000000089c00000|100%|HC|  |TAMS 0x0000000089c00000, 0x0000000089c00000| Complete 
| 156|0x0000000089c00000, 0x0000000089d00000, 0x0000000089d00000|100%|HC|  |TAMS 0x0000000089d00000, 0x0000000089d00000| Complete 
| 157|0x0000000089d00000, 0x0000000089e00000, 0x0000000089e00000|100%|HS|  |TAMS 0x0000000089e00000, 0x0000000089e00000| Complete 
| 158|0x0000000089e00000, 0x0000000089f00000, 0x0000000089f00000|100%|HC|  |TAMS 0x0000000089f00000, 0x0000000089f00000| Complete 
| 159|0x0000000089f00000, 0x000000008a000000, 0x000000008a000000|100%| O|  |TAMS 0x000000008a000000, 0x000000008a000000| Untracked 
| 160|0x000000008a000000, 0x000000008a100000, 0x000000008a100000|100%| O|  |TAMS 0x000000008a100000, 0x000000008a100000| Untracked 
| 161|0x000000008a100000, 0x000000008a200000, 0x000000008a200000|100%| O|  |TAMS 0x000000008a200000, 0x000000008a200000| Untracked 
| 162|0x000000008a200000, 0x000000008a300000, 0x000000008a300000|100%| O|  |TAMS 0x000000008a300000, 0x000000008a300000| Untracked 
| 163|0x000000008a300000, 0x000000008a400000, 0x000000008a400000|100%| O|  |TAMS 0x000000008a400000, 0x000000008a400000| Untracked 
| 164|0x000000008a400000, 0x000000008a500000, 0x000000008a500000|100%| O|  |TAMS 0x000000008a500000, 0x000000008a500000| Untracked 
| 165|0x000000008a500000, 0x000000008a600000, 0x000000008a600000|100%| O|  |TAMS 0x000000008a600000, 0x000000008a600000| Untracked 
| 166|0x000000008a600000, 0x000000008a700000, 0x000000008a700000|100%| O|  |TAMS 0x000000008a678200, 0x000000008a700000| Untracked 
| 167|0x000000008a700000, 0x000000008a800000, 0x000000008a800000|100%| O|  |TAMS 0x000000008a700000, 0x000000008a800000| Untracked 
| 168|0x000000008a800000, 0x000000008a83b000, 0x000000008a900000| 23%| O|  |TAMS 0x000000008a800000, 0x000000008a83b000| Untracked 
| 169|0x000000008a900000, 0x000000008a900000, 0x000000008aa00000|  0%| F|  |TAMS 0x000000008a900000, 0x000000008a900000| Untracked 
| 170|0x000000008aa00000, 0x000000008aa00000, 0x000000008ab00000|  0%| F|  |TAMS 0x000000008aa00000, 0x000000008aa00000| Untracked 
| 171|0x000000008ab00000, 0x000000008ab00000, 0x000000008ac00000|  0%| F|  |TAMS 0x000000008ab00000, 0x000000008ab00000| Untracked 
| 172|0x000000008ac00000, 0x000000008ac00000, 0x000000008ad00000|  0%| F|  |TAMS 0x000000008ac00000, 0x000000008ac00000| Untracked 
| 173|0x000000008ad00000, 0x000000008ad00000, 0x000000008ae00000|  0%| F|  |TAMS 0x000000008ad00000, 0x000000008ad00000| Untracked 
| 174|0x000000008ae00000, 0x000000008ae00000, 0x000000008af00000|  0%| F|  |TAMS 0x000000008ae00000, 0x000000008ae00000| Untracked 
| 175|0x000000008af00000, 0x000000008af00000, 0x000000008b000000|  0%| F|  |TAMS 0x000000008af00000, 0x000000008af00000| Untracked 
| 176|0x000000008b000000, 0x000000008b000000, 0x000000008b100000|  0%| F|  |TAMS 0x000000008b000000, 0x000000008b000000| Untracked 
| 177|0x000000008b100000, 0x000000008b100000, 0x000000008b200000|  0%| F|  |TAMS 0x000000008b100000, 0x000000008b100000| Untracked 
| 178|0x000000008b200000, 0x000000008b200000, 0x000000008b300000|  0%| F|  |TAMS 0x000000008b200000, 0x000000008b200000| Untracked 
| 179|0x000000008b300000, 0x000000008b300000, 0x000000008b400000|  0%| F|  |TAMS 0x000000008b300000, 0x000000008b300000| Untracked 
| 180|0x000000008b400000, 0x000000008b400000, 0x000000008b500000|  0%| F|  |TAMS 0x000000008b400000, 0x000000008b400000| Untracked 
| 181|0x000000008b500000, 0x000000008b500000, 0x000000008b600000|  0%| F|  |TAMS 0x000000008b500000, 0x000000008b500000| Untracked 
| 182|0x000000008b600000, 0x000000008b600000, 0x000000008b700000|  0%| F|  |TAMS 0x000000008b600000, 0x000000008b600000| Untracked 
| 183|0x000000008b700000, 0x000000008b700000, 0x000000008b800000|  0%| F|  |TAMS 0x000000008b700000, 0x000000008b700000| Untracked 
| 184|0x000000008b800000, 0x000000008b800000, 0x000000008b900000|  0%| F|  |TAMS 0x000000008b800000, 0x000000008b800000| Untracked 
| 185|0x000000008b900000, 0x000000008b900000, 0x000000008ba00000|  0%| F|  |TAMS 0x000000008b900000, 0x000000008b900000| Untracked 
| 186|0x000000008ba00000, 0x000000008ba00000, 0x000000008bb00000|  0%| F|  |TAMS 0x000000008ba00000, 0x000000008ba00000| Untracked 
| 187|0x000000008bb00000, 0x000000008bb00000, 0x000000008bc00000|  0%| F|  |TAMS 0x000000008bb00000, 0x000000008bb00000| Untracked 
| 188|0x000000008bc00000, 0x000000008bc00000, 0x000000008bd00000|  0%| F|  |TAMS 0x000000008bc00000, 0x000000008bc00000| Untracked 
| 189|0x000000008bd00000, 0x000000008bd00000, 0x000000008be00000|  0%| F|  |TAMS 0x000000008bd00000, 0x000000008bd00000| Untracked 
| 190|0x000000008be00000, 0x000000008bed1200, 0x000000008bf00000| 81%| S|CS|TAMS 0x000000008be00000, 0x000000008be00000| Complete 
| 191|0x000000008bf00000, 0x000000008bf00000, 0x000000008c000000|  0%| F|  |TAMS 0x000000008bf00000, 0x000000008bf00000| Untracked 
| 192|0x000000008c000000, 0x000000008c000000, 0x000000008c100000|  0%| F|  |TAMS 0x000000008c000000, 0x000000008c000000| Untracked 
| 193|0x000000008c100000, 0x000000008c100000, 0x000000008c200000|  0%| F|  |TAMS 0x000000008c100000, 0x000000008c100000| Untracked 
| 194|0x000000008c200000, 0x000000008c200000, 0x000000008c300000|  0%| F|  |TAMS 0x000000008c200000, 0x000000008c200000| Untracked 
| 195|0x000000008c300000, 0x000000008c300000, 0x000000008c400000|  0%| F|  |TAMS 0x000000008c300000, 0x000000008c300000| Untracked 
| 196|0x000000008c400000, 0x000000008c400000, 0x000000008c500000|  0%| F|  |TAMS 0x000000008c400000, 0x000000008c400000| Untracked 
| 197|0x000000008c500000, 0x000000008c500000, 0x000000008c600000|  0%| F|  |TAMS 0x000000008c500000, 0x000000008c500000| Untracked 
| 198|0x000000008c600000, 0x000000008c600000, 0x000000008c700000|  0%| F|  |TAMS 0x000000008c600000, 0x000000008c600000| Untracked 
| 199|0x000000008c700000, 0x000000008c700000, 0x000000008c800000|  0%| F|  |TAMS 0x000000008c700000, 0x000000008c700000| Untracked 

Card table byte_map: [0x00000226f3ae0000,0x00000226f3ee0000] _byte_map_base: 0x00000226f36e0000

Marking Bits (Prev, Next): (CMBitMap*) 0x00000226e08d1c50, (CMBitMap*) 0x00000226e08d1c18
 Prev Bits: [0x00000226f62e0000, 0x00000226f82e0000)
 Next Bits: [0x00000226f42e0000, 0x00000226f62e0000)

Polling page: 0x00000226e0060000

Metaspace:

Usage:
  Non-class:     78.25 MB capacity,    76.71 MB ( 98%) used,     1.28 MB (  2%) free+waste,   262.81 KB ( <1%) overhead. 
      Class:     12.51 MB capacity,    11.61 MB ( 93%) used,   801.59 KB (  6%) free+waste,   123.69 KB ( <1%) overhead. 
       Both:     90.76 MB capacity,    88.32 MB ( 97%) used,     2.06 MB (  2%) free+waste,   386.50 KB ( <1%) overhead. 

Virtual space:
  Non-class space:       80.00 MB reserved,      78.33 MB ( 98%) committed 
      Class space:        1.00 GB reserved,      12.62 MB (  1%) committed 
             Both:        1.08 GB reserved,      90.95 MB (  8%) committed 

Chunk freelists:
   Non-Class:  21.00 KB
       Class:  19.00 KB
        Both:  40.00 KB

MaxMetaspaceSize: 17179869184.00 GB
CompressedClassSpaceSize: 1.00 GB
Initial GC threshold: 20.80 MB
Current GC threshold: 150.13 MB
CDS: off

CodeHeap 'non-profiled nmethods': size=120000Kb used=4612Kb max_used=4612Kb free=115387Kb
 bounds [0x00000226ebe80000, 0x00000226ec310000, 0x00000226f33b0000]
CodeHeap 'profiled nmethods': size=120000Kb used=18939Kb max_used=18939Kb free=101060Kb
 bounds [0x00000226e4950000, 0x00000226e5bd0000, 0x00000226ebe80000]
CodeHeap 'non-nmethods': size=5760Kb used=2390Kb max_used=2437Kb free=3370Kb
 bounds [0x00000226e43b0000, 0x00000226e4620000, 0x00000226e4950000]
 total_blobs=10086 nmethods=9168 adapters=830
 compilation: enabled
              stopped_count=0, restarted_count=0
 full_count=0

Compilation events (20 events):
Event: 32.114 Thread 0x00000226fad62000 9449       2       java.lang.Class::getDeclaredAnnotations (11 bytes)
Event: 32.114 Thread 0x00000226fad62000 nmethod 9449 0x00000226e5bc4b90 code [0x00000226e5bc4d60, 0x00000226e5bc4f28]
Event: 32.115 Thread 0x00000226fad62000 9450       2       org.objectweb.asm.ClassReader::readMethod (1066 bytes)
Event: 32.125 Thread 0x00000226fad62000 nmethod 9450 0x00000226e5bc5090 code [0x00000226e5bc55c0, 0x00000226e5bc8158]
Event: 32.142 Thread 0x00000226fad62000 9453       2       org.objectweb.asm.MethodWriter::putFrameType (83 bytes)
Event: 32.144 Thread 0x00000226fad62000 nmethod 9453 0x00000226e5bca210 code [0x00000226e5bca420, 0x00000226e5bca798]
Event: 32.149 Thread 0x00000226fad62000 9455       2       java.lang.reflect.Constructor::getTypeParameters (20 bytes)
Event: 32.151 Thread 0x00000226fad62000 nmethod 9455 0x00000226e5bcaa10 code [0x00000226e5bcac20, 0x00000226e5bcb318]
Event: 32.187 Thread 0x00000226fad62000 9456       2       org.gradle.initialization.MixInLegacyTypesClassLoader::access$100 (4 bytes)
Event: 32.187 Thread 0x00000226fad62000 nmethod 9456 0x00000226e5bcb610 code [0x00000226e5bcb7c0, 0x00000226e5bcb898]
Event: 32.209 Thread 0x00000226fad62000 9457       2       org.gradle.model.internal.type.ModelType::of (9 bytes)
Event: 32.210 Thread 0x00000226fad62000 nmethod 9457 0x00000226e5bcb910 code [0x00000226e5bcbac0, 0x00000226e5bcbc68]
Event: 32.268 Thread 0x00000226fad62000 9458       2       org.gradle.tooling.internal.adapter.TypeInspector::visit (198 bytes)
Event: 32.274 Thread 0x00000226fad62000 nmethod 9458 0x00000226e5bcbd90 code [0x00000226e5bcc100, 0x00000226e5bcd3e8]
Event: 32.275 Thread 0x00000226fad58800 nmethod 9199 0x00000226ec2f9890 code [0x00000226ec2f9d00, 0x00000226ec2ff368]
Event: 32.277 Thread 0x00000226fad58800 9376 %     4       groovy.lang.MetaClassImpl::inheritInterfaceNewMetaMethods @ 100 (195 bytes)
Event: 32.293 Thread 0x00000226fad62000 9460       2       java.util.Locale::getUnicodeLocaleType (54 bytes)
Event: 32.295 Thread 0x00000226fad62000 nmethod 9460 0x00000226e5bcdd90 code [0x00000226e5bcdfc0, 0x00000226e5bce498]
Event: 32.295 Thread 0x00000226fad62000 9461       2       java.util.Locale::isUnicodeExtensionKey (21 bytes)
Event: 32.296 Thread 0x00000226fad62000 nmethod 9461 0x00000226e5bce710 code [0x00000226e5bce8e0, 0x00000226e5bcebe8]

GC Heap History (20 events):
Event: 31.180 GC heap after
{Heap after GC invocations=66 (full 0):
 garbage-first heap   total 204800K, used 170565K [0x0000000080000000, 0x0000000100000000)
  region size 1024K, 2 young (2048K), 2 survivors (2048K)
 Metaspace       used 87591K, capacity 89970K, committed 90064K, reserved 1126400K
  class space    used 11489K, capacity 12361K, committed 12416K, reserved 1048576K
}
Event: 31.271 GC heap before
{Heap before GC invocations=67 (full 0):
 garbage-first heap   total 204800K, used 179781K [0x0000000080000000, 0x0000000100000000)
  region size 1024K, 11 young (11264K), 2 survivors (2048K)
 Metaspace       used 87926K, capacity 90272K, committed 90448K, reserved 1128448K
  class space    used 11524K, capacity 12419K, committed 12544K, reserved 1048576K
}
Event: 31.276 GC heap after
{Heap after GC invocations=68 (full 0):
 garbage-first heap   total 204800K, used 170705K [0x0000000080000000, 0x0000000100000000)
  region size 1024K, 1 young (1024K), 1 survivors (1024K)
 Metaspace       used 87926K, capacity 90272K, committed 90448K, reserved 1128448K
  class space    used 11524K, capacity 12419K, committed 12544K, reserved 1048576K
}
Event: 31.350 GC heap before
{Heap before GC invocations=68 (full 0):
 garbage-first heap   total 204800K, used 179921K [0x0000000080000000, 0x0000000100000000)
  region size 1024K, 10 young (10240K), 1 survivors (1024K)
 Metaspace       used 88235K, capacity 90646K, committed 90704K, reserved 1128448K
  class space    used 11575K, capacity 12501K, committed 12544K, reserved 1048576K
}
Event: 31.353 GC heap after
{Heap after GC invocations=69 (full 0):
 garbage-first heap   total 204800K, used 171090K [0x0000000080000000, 0x0000000100000000)
  region size 1024K, 1 young (1024K), 1 survivors (1024K)
 Metaspace       used 88235K, capacity 90646K, committed 90704K, reserved 1128448K
  class space    used 11575K, capacity 12501K, committed 12544K, reserved 1048576K
}
Event: 31.423 GC heap before
{Heap before GC invocations=69 (full 0):
 garbage-first heap   total 204800K, used 180306K [0x0000000080000000, 0x0000000100000000)
  region size 1024K, 10 young (10240K), 1 survivors (1024K)
 Metaspace       used 88398K, capacity 90777K, committed 90960K, reserved 1128448K
  class space    used 11599K, capacity 12502K, committed 12544K, reserved 1048576K
}
Event: 31.426 GC heap after
{Heap after GC invocations=70 (full 0):
 garbage-first heap   total 204800K, used 171117K [0x0000000080000000, 0x0000000100000000)
  region size 1024K, 2 young (2048K), 2 survivors (2048K)
 Metaspace       used 88398K, capacity 90777K, committed 90960K, reserved 1128448K
  class space    used 11599K, capacity 12502K, committed 12544K, reserved 1048576K
}
Event: 31.478 GC heap before
{Heap before GC invocations=70 (full 0):
 garbage-first heap   total 204800K, used 179309K [0x0000000080000000, 0x0000000100000000)
  region size 1024K, 10 young (10240K), 2 survivors (2048K)
 Metaspace       used 88614K, capacity 91001K, committed 91216K, reserved 1128448K
  class space    used 11621K, capacity 12534K, committed 12544K, reserved 1048576K
}
Event: 31.481 GC heap after
{Heap after GC invocations=71 (full 0):
 garbage-first heap   total 204800K, used 171188K [0x0000000080000000, 0x0000000100000000)
  region size 1024K, 2 young (2048K), 2 survivors (2048K)
 Metaspace       used 88614K, capacity 91001K, committed 91216K, reserved 1128448K
  class space    used 11621K, capacity 12534K, committed 12544K, reserved 1048576K
}
Event: 31.558 GC heap before
{Heap before GC invocations=71 (full 0):
 garbage-first heap   total 204800K, used 180404K [0x0000000080000000, 0x0000000100000000)
  region size 1024K, 11 young (11264K), 2 survivors (2048K)
 Metaspace       used 88913K, capacity 91324K, committed 91600K, reserved 1128448K
  class space    used 11671K, capacity 12599K, committed 12672K, reserved 1048576K
}
Event: 31.562 GC heap after
{Heap after GC invocations=72 (full 0):
 garbage-first heap   total 204800K, used 171218K [0x0000000080000000, 0x0000000100000000)
  region size 1024K, 2 young (2048K), 2 survivors (2048K)
 Metaspace       used 88913K, capacity 91324K, committed 91600K, reserved 1128448K
  class space    used 11671K, capacity 12599K, committed 12672K, reserved 1048576K
}
Event: 31.641 GC heap before
{Heap before GC invocations=73 (full 0):
 garbage-first heap   total 204800K, used 179410K [0x0000000080000000, 0x0000000100000000)
  region size 1024K, 11 young (11264K), 2 survivors (2048K)
 Metaspace       used 89105K, capacity 91548K, committed 91600K, reserved 1128448K
  class space    used 11694K, capacity 12631K, committed 12672K, reserved 1048576K
}
Event: 31.646 GC heap after
{Heap after GC invocations=74 (full 0):
 garbage-first heap   total 204800K, used 171480K [0x0000000080000000, 0x0000000100000000)
  region size 1024K, 1 young (1024K), 1 survivors (1024K)
 Metaspace       used 89105K, capacity 91548K, committed 91600K, reserved 1128448K
  class space    used 11694K, capacity 12631K, committed 12672K, reserved 1048576K
}
Event: 31.776 GC heap before
{Heap before GC invocations=74 (full 0):
 garbage-first heap   total 204800K, used 179672K [0x0000000080000000, 0x0000000100000000)
  region size 1024K, 10 young (10240K), 1 survivors (1024K)
 Metaspace       used 89404K, capacity 91796K, committed 91856K, reserved 1128448K
  class space    used 11728K, capacity 12668K, committed 12672K, reserved 1048576K
}
Event: 31.781 GC heap after
{Heap after GC invocations=75 (full 0):
 garbage-first heap   total 204800K, used 171713K [0x0000000080000000, 0x0000000100000000)
  region size 1024K, 2 young (2048K), 2 survivors (2048K)
 Metaspace       used 89404K, capacity 91796K, committed 91856K, reserved 1128448K
  class space    used 11728K, capacity 12668K, committed 12672K, reserved 1048576K
}
Event: 31.903 GC heap before
{Heap before GC invocations=75 (full 0):
 garbage-first heap   total 204800K, used 180929K [0x0000000080000000, 0x0000000100000000)
  region size 1024K, 11 young (11264K), 2 survivors (2048K)
 Metaspace       used 89550K, capacity 91893K, committed 92240K, reserved 1128448K
  class space    used 11765K, capacity 12680K, committed 12800K, reserved 1048576K
}
Event: 31.909 GC heap after
{Heap after GC invocations=76 (full 0):
 garbage-first heap   total 204800K, used 172367K [0x0000000080000000, 0x0000000100000000)
  region size 1024K, 2 young (2048K), 2 survivors (2048K)
 Metaspace       used 89550K, capacity 91893K, committed 92240K, reserved 1128448K
  class space    used 11765K, capacity 12680K, committed 12800K, reserved 1048576K
}
Event: 32.126 GC heap before
{Heap before GC invocations=77 (full 0):
 garbage-first heap   total 204800K, used 180559K [0x0000000080000000, 0x0000000100000000)
  region size 1024K, 10 young (10240K), 2 survivors (2048K)
 Metaspace       used 89981K, capacity 92472K, committed 92752K, reserved 1130496K
  class space    used 11822K, capacity 12744K, committed 12800K, reserved 1048576K
}
Event: 32.130 GC heap after
{Heap after GC invocations=78 (full 0):
 garbage-first heap   total 204800K, used 172847K [0x0000000080000000, 0x0000000100000000)
  region size 1024K, 2 young (2048K), 2 survivors (2048K)
 Metaspace       used 89981K, capacity 92472K, committed 92752K, reserved 1130496K
  class space    used 11822K, capacity 12744K, committed 12800K, reserved 1048576K
}
Event: 32.297 GC heap before
{Heap before GC invocations=78 (full 0):
 garbage-first heap   total 204800K, used 181039K [0x0000000080000000, 0x0000000100000000)
  region size 1024K, 10 young (10240K), 2 survivors (2048K)
 Metaspace       used 90436K, capacity 92936K, committed 93136K, reserved 1130496K
  class space    used 11887K, capacity 12813K, committed 12928K, reserved 1048576K
}

Deoptimization events (20 events):
Event: 31.849 Thread 0x00000226fc2e6000 DEOPT PACKING pc=0x00000226e4f92a16 sp=0x00000098b3af99f0
Event: 31.849 Thread 0x00000226fc2e6000 DEOPT UNPACKING pc=0x00000226e43fa95e sp=0x00000098b3af8f08 mode 0
Event: 32.135 Thread 0x00000226fc2e6000 DEOPT PACKING pc=0x00000226e52d6ff1 sp=0x00000098b3af96e0
Event: 32.135 Thread 0x00000226fc2e6000 DEOPT UNPACKING pc=0x00000226e43fa95e sp=0x00000098b3af8bd8 mode 0
Event: 32.187 Thread 0x00000226fc2e6000 Uncommon trap: trap_request=0xffffff4d fr.pc=0x00000226ec292f60 relative=0x00000000000000a0
Event: 32.187 Thread 0x00000226fc2e6000 Uncommon trap: reason=unstable_if action=reinterpret pc=0x00000226ec292f60 method=org.objectweb.asm.AnnotationWriter.putAnnotations(Lorg/objectweb/asm/SymbolTable;Lorg/objectweb/asm/AnnotationWriter;Lorg/objectweb/asm/AnnotationWriter;Lorg/objectweb/asm/A
Event: 32.187 Thread 0x00000226fc2e6000 DEOPT PACKING pc=0x00000226ec292f60 sp=0x00000098b3af97e0
Event: 32.187 Thread 0x00000226fc2e6000 DEOPT UNPACKING pc=0x00000226e43fa1af sp=0x00000098b3af9770 mode 2
Event: 32.209 Thread 0x00000226fc2e6000 Uncommon trap: trap_request=0xffffffde fr.pc=0x00000226ec1da018 relative=0x0000000000000498
Event: 32.209 Thread 0x00000226fc2e6000 Uncommon trap: reason=class_check action=maybe_recompile pc=0x00000226ec1da018 method=java.util.regex.Matcher.search(I)Z @ 121 c2
Event: 32.209 Thread 0x00000226fc2e6000 DEOPT PACKING pc=0x00000226ec1da018 sp=0x00000098b3afab60
Event: 32.209 Thread 0x00000226fc2e6000 DEOPT UNPACKING pc=0x00000226e43fa1af sp=0x00000098b3afaab8 mode 2
Event: 32.212 Thread 0x00000226fc2e6000 Uncommon trap: trap_request=0xffffffde fr.pc=0x00000226ec1da018 relative=0x0000000000000498
Event: 32.212 Thread 0x00000226fc2e6000 Uncommon trap: reason=class_check action=maybe_recompile pc=0x00000226ec1da018 method=java.util.regex.Matcher.search(I)Z @ 121 c2
Event: 32.213 Thread 0x00000226fc2e6000 DEOPT PACKING pc=0x00000226ec1da018 sp=0x00000098b3afae00
Event: 32.213 Thread 0x00000226fc2e6000 DEOPT UNPACKING pc=0x00000226e43fa1af sp=0x00000098b3afad58 mode 2
Event: 32.215 Thread 0x00000226fc2e6000 Uncommon trap: trap_request=0xffffffde fr.pc=0x00000226ec1da018 relative=0x0000000000000498
Event: 32.215 Thread 0x00000226fc2e6000 Uncommon trap: reason=class_check action=maybe_recompile pc=0x00000226ec1da018 method=java.util.regex.Matcher.search(I)Z @ 121 c2
Event: 32.215 Thread 0x00000226fc2e6000 DEOPT PACKING pc=0x00000226ec1da018 sp=0x00000098b3afab50
Event: 32.215 Thread 0x00000226fc2e6000 DEOPT UNPACKING pc=0x00000226e43fa1af sp=0x00000098b3afaaa8 mode 2

Classes redefined (0 events):
No events

Internal exceptions (20 events):
Event: 31.864 Thread 0x00000226fc2e6000 Exception <a 'java/lang/ClassNotFoundException'{0x000000008c2b5460}: org/gradle/api/internal/tasks/DefaultTaskContainer_DecoratedBeanInfo> (0x000000008c2b5460) thrown at [src/hotspot/share/classfile/systemDictionary.cpp, line 230]
Event: 31.865 Thread 0x00000226fc2e6000 Exception <a 'java/lang/ClassNotFoundException'{0x000000008c2cd888}: org/gradle/api/internal/tasks/DefaultTaskContainerBeanInfo> (0x000000008c2cd888) thrown at [src/hotspot/share/classfile/systemDictionary.cpp, line 230]
Event: 31.866 Thread 0x00000226fc2e6000 Exception <a 'java/lang/ClassNotFoundException'{0x000000008c2e67f0}: org/gradle/api/internal/tasks/DefaultTaskCollectionBeanInfo> (0x000000008c2e67f0) thrown at [src/hotspot/share/classfile/systemDictionary.cpp, line 230]
Event: 31.867 Thread 0x00000226fc2e6000 Exception <a 'java/lang/ClassNotFoundException'{0x000000008c2ffa30}: org/gradle/api/internal/tasks/DefaultTaskCollectionCustomizer> (0x000000008c2ffa30) thrown at [src/hotspot/share/classfile/systemDictionary.cpp, line 230]
Event: 31.869 Thread 0x00000226fc2e6000 Exception <a 'java/lang/ClassNotFoundException'{0x000000008c141948}: org/gradle/api/internal/tasks/DefaultTaskContainerCustomizer> (0x000000008c141948) thrown at [src/hotspot/share/classfile/systemDictionary.cpp, line 230]
Event: 31.872 Thread 0x00000226fc2e6000 Exception <a 'java/lang/ClassNotFoundException'{0x000000008c1a52c8}: org/gradle/api/internal/tasks/DefaultTaskContainer_DecoratedCustomizer> (0x000000008c1a52c8) thrown at [src/hotspot/share/classfile/systemDictionary.cpp, line 230]
Event: 31.886 Thread 0x00000226fc2e6000 Exception <a 'java/lang/ClassNotFoundException'{0x000000008bf26090}: java/util/ArrayListBeanInfo> (0x000000008bf26090) thrown at [src/hotspot/share/classfile/systemDictionary.cpp, line 230]
Event: 31.887 Thread 0x00000226fc2e6000 Exception <a 'java/lang/ClassNotFoundException'{0x000000008bf30078}: java/util/AbstractListBeanInfo> (0x000000008bf30078) thrown at [src/hotspot/share/classfile/systemDictionary.cpp, line 230]
Event: 31.887 Thread 0x00000226fc2e6000 Exception <a 'java/lang/ClassNotFoundException'{0x000000008bf39e28}: java/util/AbstractListCustomizer> (0x000000008bf39e28) thrown at [src/hotspot/share/classfile/systemDictionary.cpp, line 230]
Event: 31.889 Thread 0x00000226fc2e6000 Exception <a 'java/lang/ClassNotFoundException'{0x000000008bf4e860}: java/util/ArrayListCustomizer> (0x000000008bf4e860) thrown at [src/hotspot/share/classfile/systemDictionary.cpp, line 230]
Event: 31.902 Thread 0x00000226fc2e6000 Exception <a 'java/lang/ClassNotFoundException'{0x000000008bfe9640}: java/util/CollectionBeanInfo> (0x000000008bfe9640) thrown at [src/hotspot/share/classfile/systemDictionary.cpp, line 230]
Event: 31.903 Thread 0x00000226fc2e6000 Exception <a 'java/lang/ClassNotFoundException'{0x000000008bff3628}: java/util/CollectionCustomizer> (0x000000008bff3628) thrown at [src/hotspot/share/classfile/systemDictionary.cpp, line 230]
Event: 31.946 Thread 0x00000226fc2e6000 Exception <a 'java/lang/ClassNotFoundException'{0x000000008c7831f0}: org/gradle/api/tasks/SourceSetBeanInfo> (0x000000008c7831f0) thrown at [src/hotspot/share/classfile/systemDictionary.cpp, line 230]
Event: 31.948 Thread 0x00000226fc2e6000 Exception <a 'java/lang/ClassNotFoundException'{0x000000008c7a2e68}: org/gradle/api/tasks/SourceSetCustomizer> (0x000000008c7a2e68) thrown at [src/hotspot/share/classfile/systemDictionary.cpp, line 230]
Event: 31.953 Thread 0x00000226fc2e6000 Exception <a 'java/lang/ClassNotFoundException'{0x000000008c61f790}: java/util/LinkedHashMapBeanInfo> (0x000000008c61f790) thrown at [src/hotspot/share/classfile/systemDictionary.cpp, line 230]
Event: 31.954 Thread 0x00000226fc2e6000 Exception <a 'java/lang/ClassNotFoundException'{0x000000008c628bf0}: java/util/HashMapBeanInfo> (0x000000008c628bf0) thrown at [src/hotspot/share/classfile/systemDictionary.cpp, line 230]
Event: 31.955 Thread 0x00000226fc2e6000 Exception <a 'java/lang/ClassNotFoundException'{0x000000008c632e38}: java/util/AbstractMapBeanInfo> (0x000000008c632e38) thrown at [src/hotspot/share/classfile/systemDictionary.cpp, line 230]
Event: 31.955 Thread 0x00000226fc2e6000 Exception <a 'java/lang/ClassNotFoundException'{0x000000008c63ce28}: java/util/AbstractMapCustomizer> (0x000000008c63ce28) thrown at [src/hotspot/share/classfile/systemDictionary.cpp, line 230]
Event: 31.957 Thread 0x00000226fc2e6000 Exception <a 'java/lang/ClassNotFoundException'{0x000000008c650718}: java/util/HashMapCustomizer> (0x000000008c650718) thrown at [src/hotspot/share/classfile/systemDictionary.cpp, line 230]
Event: 31.960 Thread 0x00000226fc2e6000 Exception <a 'java/lang/ClassNotFoundException'{0x000000008c672740}: java/util/LinkedHashMapCustomizer> (0x000000008c672740) thrown at [src/hotspot/share/classfile/systemDictionary.cpp, line 230]

Events (20 events):
Event: 32.287 loading class com/amazon/ion/system/IonBinaryWriterBuilder done
Event: 32.288 loading class kotlin/jvm/internal/Lambda
Event: 32.288 loading class kotlin/jvm/internal/Lambda done
Event: 32.289 loading class kotlin/jvm/internal/FunctionBase
Event: 32.289 loading class kotlin/jvm/internal/FunctionBase done
Event: 32.289 Executing VM operation: RevokeBias
Event: 32.290 Executing VM operation: RevokeBias done
Event: 32.292 loading class com/android/tools/idea/projectsystem/gradle/sync/PerformanceMeasurementUtilKt
Event: 32.292 loading class com/android/tools/idea/projectsystem/gradle/sync/PerformanceMeasurementUtilKt done
Event: 32.292 loading class com/amazon/ion/system/IonWriterBuilderBase
Event: 32.292 loading class com/amazon/ion/system/IonWriterBuilderBase done
Event: 32.293 loading class kotlin/Result
Event: 32.293 loading class kotlin/Result done
Event: 32.294 loading class com/amazon/ion/system/IonWriterBuilder
Event: 32.294 loading class com/amazon/ion/system/IonWriterBuilder done
Event: 32.296 loading class kotlin/Result$Companion
Event: 32.296 loading class kotlin/Result$Companion done
Event: 32.296 loading class com/amazon/ion/impl/_Private_IonBinaryWriterBuilder
Event: 32.296 loading class com/amazon/ion/impl/_Private_IonBinaryWriterBuilder done
Event: 32.297 Executing VM operation: G1CollectForAllocation


Dynamic libraries:
0x00007ff76fcb0000 - 0x00007ff76fcba000 	D:\Android\Android Studio\jbr\bin\java.exe
0x00007ff95b0b0000 - 0x00007ff95b2c4000 	C:\WINDOWS\SYSTEM32\ntdll.dll
0x00007ff959de0000 - 0x00007ff959ea3000 	C:\WINDOWS\System32\KERNEL32.DLL
0x00007ff958b20000 - 0x00007ff958ebc000 	C:\WINDOWS\System32\KERNELBASE.dll
0x00007ff9584f0000 - 0x00007ff958601000 	C:\WINDOWS\System32\ucrtbase.dll
0x00007ff93bfe0000 - 0x00007ff93bff7000 	D:\Android\Android Studio\jbr\bin\jli.dll
0x00007ff95aaa0000 - 0x00007ff95ac4d000 	C:\WINDOWS\System32\USER32.dll
0x00007ff94e4d0000 - 0x00007ff94e75e000 	C:\WINDOWS\WinSxS\amd64_microsoft.windows.common-controls_6595b64144ccf1df_6.0.22621.608_none_a9444ca7c10bb01d\COMCTL32.dll
0x00007ff9588b0000 - 0x00007ff9588d6000 	C:\WINDOWS\System32\win32u.dll
0x00007ff95a350000 - 0x00007ff95a3f7000 	C:\WINDOWS\System32\msvcrt.dll
0x00007ff95a2a0000 - 0x00007ff95a2c9000 	C:\WINDOWS\System32\GDI32.dll
0x00007ff958960000 - 0x00007ff958a72000 	C:\WINDOWS\System32\gdi32full.dll
0x00007ff958a80000 - 0x00007ff958b1a000 	C:\WINDOWS\System32\msvcp_win.dll
0x00007ff939f40000 - 0x00007ff939f5b000 	D:\Android\Android Studio\jbr\bin\VCRUNTIME140.dll
0x00007ff95a500000 - 0x00007ff95a532000 	C:\WINDOWS\System32\IMM32.DLL
0x00007ff949fa0000 - 0x00007ff949fac000 	D:\Android\Android Studio\jbr\bin\vcruntime140_1.dll
0x00007ff918c00000 - 0x00007ff918c8d000 	D:\Android\Android Studio\jbr\bin\msvcp140.dll
0x00007ff90ad70000 - 0x00007ff90b92c000 	D:\Android\Android Studio\jbr\bin\server\jvm.dll
0x00007ff95a570000 - 0x00007ff95a61e000 	C:\WINDOWS\System32\ADVAPI32.dll
0x00007ff959990000 - 0x00007ff959a34000 	C:\WINDOWS\System32\sechost.dll
0x00007ff959c30000 - 0x00007ff959d45000 	C:\WINDOWS\System32\RPCRT4.dll
0x00007ff95a540000 - 0x00007ff95a548000 	C:\WINDOWS\System32\PSAPI.DLL
0x00007ff93cd40000 - 0x00007ff93cd49000 	C:\WINDOWS\SYSTEM32\WSOCK32.dll
0x00007ff9551f0000 - 0x00007ff955224000 	C:\WINDOWS\SYSTEM32\WINMM.dll
0x00007ff95a2d0000 - 0x00007ff95a341000 	C:\WINDOWS\System32\WS2_32.dll
0x00007ff9507c0000 - 0x00007ff9507ca000 	C:\WINDOWS\SYSTEM32\VERSION.dll
0x00007ff9574b0000 - 0x00007ff9574c8000 	C:\WINDOWS\SYSTEM32\kernel.appcore.dll
0x00007ff952d50000 - 0x00007ff952d60000 	D:\Android\Android Studio\jbr\bin\verify.dll
0x00007ff955ba0000 - 0x00007ff955dce000 	C:\WINDOWS\SYSTEM32\DBGHELP.DLL
0x00007ff959f10000 - 0x00007ff95a29a000 	C:\WINDOWS\System32\combase.dll
0x00007ff959a50000 - 0x00007ff959b27000 	C:\WINDOWS\System32\OLEAUT32.dll
0x00007ff9512e0000 - 0x00007ff951312000 	C:\WINDOWS\SYSTEM32\dbgcore.DLL
0x00007ff9588e0000 - 0x00007ff95895b000 	C:\WINDOWS\System32\bcryptPrimitives.dll
0x00007ff94a860000 - 0x00007ff94a888000 	D:\Android\Android Studio\jbr\bin\java.dll
0x00007ff952a90000 - 0x00007ff952a9a000 	D:\Android\Android Studio\jbr\bin\jimage.dll
0x00007ff951490000 - 0x00007ff9514a8000 	D:\Android\Android Studio\jbr\bin\zip.dll
0x00007ff959070000 - 0x00007ff95985f000 	C:\WINDOWS\System32\SHELL32.dll
0x00007ff9564c0000 - 0x00007ff956d88000 	C:\WINDOWS\SYSTEM32\windows.storage.dll
0x00007ff956380000 - 0x00007ff9564be000 	C:\WINDOWS\SYSTEM32\wintypes.dll
0x00007ff959b30000 - 0x00007ff959c21000 	C:\WINDOWS\System32\SHCORE.dll
0x00007ff95adf0000 - 0x00007ff95ae4e000 	C:\WINDOWS\System32\shlwapi.dll
0x00007ff958420000 - 0x00007ff958441000 	C:\WINDOWS\SYSTEM32\profapi.dll
0x00007ff950940000 - 0x00007ff950959000 	D:\Android\Android Studio\jbr\bin\net.dll
0x00007ff952620000 - 0x00007ff95274f000 	C:\WINDOWS\SYSTEM32\WINHTTP.dll
0x00007ff957990000 - 0x00007ff9579f9000 	C:\WINDOWS\system32\mswsock.dll
0x00007ff94dad0000 - 0x00007ff94dae3000 	D:\Android\Android Studio\jbr\bin\nio.dll
0x00007ff93c070000 - 0x00007ff93c097000 	C:\Users\akopo\.gradle\native\e1d6ef7f7dcc3fd88c89a11ec53ec762bb8ba0a96d01ffa2cd45eb1d1d8dd5c5\windows-amd64\native-platform.dll
0x00007ff90fc10000 - 0x00007ff90fd54000 	C:\Users\akopo\.gradle\native\0d407fdbe67a94daf76414ababcb853783967236a71b16ec16e742cd7a986fd3\windows-amd64\native-platform-file-events.dll
0x00007ff951ad0000 - 0x00007ff951ada000 	D:\Android\Android Studio\jbr\bin\management.dll
0x00007ff950d70000 - 0x00007ff950d7b000 	D:\Android\Android Studio\jbr\bin\management_ext.dll
0x00007ff957c00000 - 0x00007ff957c1b000 	C:\WINDOWS\SYSTEM32\CRYPTSP.dll
0x00007ff957470000 - 0x00007ff9574a5000 	C:\WINDOWS\system32\rsaenh.dll
0x00007ff957aa0000 - 0x00007ff957ac8000 	C:\WINDOWS\SYSTEM32\USERENV.dll
0x00007ff957dc0000 - 0x00007ff957de8000 	C:\WINDOWS\SYSTEM32\bcrypt.dll
0x00007ff957c20000 - 0x00007ff957c2c000 	C:\WINDOWS\SYSTEM32\CRYPTBASE.dll
0x00007ff956fe0000 - 0x00007ff95700d000 	C:\WINDOWS\SYSTEM32\IPHLPAPI.DLL
0x00007ff959dd0000 - 0x00007ff959dd9000 	C:\WINDOWS\System32\NSI.dll
0x00007ff952470000 - 0x00007ff952489000 	C:\WINDOWS\SYSTEM32\dhcpcsvc6.DLL
0x00007ff952450000 - 0x00007ff95246f000 	C:\WINDOWS\SYSTEM32\dhcpcsvc.DLL
0x00007ff957050000 - 0x00007ff957143000 	C:\WINDOWS\SYSTEM32\DNSAPI.dll
0x00007ff934460000 - 0x00007ff934477000 	C:\WINDOWS\system32\napinsp.dll
0x00007ff934440000 - 0x00007ff93445b000 	C:\WINDOWS\system32\pnrpnsp.dll
0x00007ff934420000 - 0x00007ff934431000 	C:\WINDOWS\System32\winrnr.dll
0x00007ff934400000 - 0x00007ff934415000 	C:\WINDOWS\system32\wshbth.dll
0x00007ff9343d0000 - 0x00007ff9343f1000 	C:\WINDOWS\system32\nlansp_c.dll
0x00007ff94ecb0000 - 0x00007ff94ecba000 	C:\Windows\System32\rasadhlp.dll
0x00007ff951f30000 - 0x00007ff951fb3000 	C:\WINDOWS\System32\fwpuclnt.dll

dbghelp: loaded successfully - version: 4.0.5 - missing functions: none
symbol engine: initialized successfully - sym options: 0x614 - pdb path: .;D:\Android\Android Studio\jbr\bin;C:\WINDOWS\SYSTEM32;C:\WINDOWS\WinSxS\amd64_microsoft.windows.common-controls_6595b64144ccf1df_6.0.22621.608_none_a9444ca7c10bb01d;D:\Android\Android Studio\jbr\bin\server;C:\Users\akopo\.gradle\native\e1d6ef7f7dcc3fd88c89a11ec53ec762bb8ba0a96d01ffa2cd45eb1d1d8dd5c5\windows-amd64;C:\Users\akopo\.gradle\native\0d407fdbe67a94daf76414ababcb853783967236a71b16ec16e742cd7a986fd3\windows-amd64

VM Arguments:
jvm_args: --add-opens=java.base/java.util=ALL-UNNAMED --add-opens=java.base/java.lang=ALL-UNNAMED --add-opens=java.base/java.lang.invoke=ALL-UNNAMED --add-opens=java.base/java.util=ALL-UNNAMED --add-opens=java.prefs/java.util.prefs=ALL-UNNAMED --add-opens=java.prefs/java.util.prefs=ALL-UNNAMED --add-opens=java.base/java.nio.charset=ALL-UNNAMED --add-opens=java.base/java.net=ALL-UNNAMED --add-opens=java.base/java.util.concurrent.atomic=ALL-UNNAMED -Xmx2048m -Dfile.encoding=UTF-8 -Duser.country=RU -Duser.language=ru -Duser.variant 
java_command: org.gradle.launcher.daemon.bootstrap.GradleDaemon 7.5
java_class_path (initial): C:\Users\akopo\.gradle\wrapper\dists\gradle-7.5-bin\f1w0cc9nuo0eivz97x2xlu9sv\gradle-7.5\lib\gradle-launcher-7.5.jar
Launcher Type: SUN_STANDARD

[Global flags]
     intx CICompilerCount                          = 4                                         {product} {ergonomic}
     uint ConcGCThreads                            = 2                                         {product} {ergonomic}
     uint G1ConcRefinementThreads                  = 8                                         {product} {ergonomic}
   size_t G1HeapRegionSize                         = 1048576                                   {product} {ergonomic}
    uintx GCDrainStackTargetSize                   = 64                                        {product} {ergonomic}
   size_t InitialHeapSize                          = 117440512                                 {product} {ergonomic}
   size_t MarkStackSize                            = 4194304                                   {product} {ergonomic}
   size_t MaxHeapSize                              = 2147483648                                {product} {command line}
   size_t MaxNewSize                               = 1287651328                                {product} {ergonomic}
   size_t MinHeapDeltaBytes                        = 1048576                                   {product} {ergonomic}
    uintx NonNMethodCodeHeapSize                   = 5836300                                {pd product} {ergonomic}
    uintx NonProfiledCodeHeapSize                  = 122910970                              {pd product} {ergonomic}
    uintx ProfiledCodeHeapSize                     = 122910970                              {pd product} {ergonomic}
    uintx ReservedCodeCacheSize                    = 251658240                              {pd product} {ergonomic}
     bool SegmentedCodeCache                       = true                                      {product} {ergonomic}
     bool UseCompressedClassPointers               = true                                 {lp64_product} {ergonomic}
     bool UseCompressedOops                        = true                                 {lp64_product} {ergonomic}
     bool UseG1GC                                  = true                                      {product} {ergonomic}
     bool UseLargePagesIndividualAllocation        = false                                  {pd product} {ergonomic}

Logging:
Log output configuration:
 #0: stdout all=warning uptime,level,tags
 #1: stderr all=off uptime,level,tags

Environment Variables:
JAVA_HOME=C:\Program Files\Java\jdk-16.0.2
PATH=C:\Program Files\Common Files\Oracle\Java\javapath;C:\Program Files (x86)\Common Files\Oracle\Java\javapath;C:\Program Files (x86)\NVIDIA Corporation\PhysX\Common;C:\WINDOWS\system32;C:\WINDOWS;C:\WINDOWS\System32\Wbem;C:\WINDOWS\System32\WindowsPowerShell\v1.0\;C:\WINDOWS\System32\OpenSSH\;D:\Programms\Matlab2019b\runtime\win64;D:\Programms\Matlab2019b\bin;D:\Programms\Matlab2019b\polyspace\bin;D:\Programms\Git\cmd;C:\ProgramData\chocolatey\bin;D:\Programms\apache-maven-3.8.6\bin;D:\Gradle\gradle-7.6\bin;C:\Users\akopo\AppData\Local\Programs\Python\Python38\Scripts\;C:\Users\akopo\AppData\Local\Programs\Python\Python38\;C:\Users\akopo\AppData\Local\Microsoft\WindowsApps;C:\Users\akopo\AppData\Local\Microsoft\WindowsApps;C:\Users\akopo\AppData\Roaming\cabal\bin;C:\tools\ghc-9.2.1\bin;C:\tools\msys64;D:\Programms\heroku\bin;C:\Program Files\JetBrains\IntelliJ IDEA 2019.3.3\plugins\maven\lib\maven2\bin;;D:\Programms\IntelliJ IDEA 2022.2\bin;
USERNAME=akopo
OS=Windows_NT
PROCESSOR_IDENTIFIER=AMD64 Family 23 Model 24 Stepping 1, AuthenticAMD



---------------  S Y S T E M  ---------------

OS: Windows 11 , 64 bit Build 22621 (10.0.22621.1194)
OS uptime: 20 days 19:27 hours
Hyper-V role detected

CPU:total 8 (initial active 8) (8 cores per cpu, 2 threads per core) family 23 model 24 stepping 1 microcode 0x0, cmov, cx8, fxsr, mmx, sse, sse2, sse3, ssse3, sse4.1, sse4.2, popcnt, avx, avx2, aes, clmul, mmxext, 3dnowpref, lzcnt, sse4a, ht, tsc, tscinvbit, tscinv, bmi1, bmi2, adx, sha, fma

Memory: 4k page, system-wide physical 7103M (202M free)
TotalPageFile size 17343M (AvailPageFile size 25M)
current process WorkingSet (physical memory assigned to process): 437M, peak: 444M
current process commit charge ("private bytes"): 481M, peak: 521M

vm_info: OpenJDK 64-Bit Server VM (11.0.15+0-b2043.56-9505619) for windows-amd64 JRE (11.0.15+0-b2043.56-9505619), built on Jan 19 2023 02:48:00 by "builduser" with unknown MS VC++:1929

END.
